[10.505s] Invoking command in '/home/robosort/robo-sort/source/rpi/ros2-robosort/build/camjam_control': DEBUGINFOD_URLS=https://debuginfod.ubuntu.com PYTHONPATH=/home/robosort/robo-sort/source/rpi/ros2-robosort/build/camjam_control/prefix_override:/usr/lib/python3/dist-packages/colcon_core/task/python/colcon_distutils_commands:/home/robosort/robo-sort/source/rpi/ros2-robosort/install/camjam_control/lib/python3.12/site-packages:${PYTHONPATH} /usr/bin/python3 -W ignore:setup.py install is deprecated -W ignore:easy_install command is deprecated setup.py develop --editable --build-directory /home/robosort/robo-sort/source/rpi/ros2-robosort/build/camjam_control/build --no-deps symlink_data
[14.530s] running develop
[17.346s] running egg_info
[17.352s] creating camjam_control.egg-info
[17.653s] writing camjam_control.egg-info/PKG-INFO
[17.656s] writing dependency_links to camjam_control.egg-info/dependency_links.txt
[17.657s] writing entry points to camjam_control.egg-info/entry_points.txt
[17.658s] writing requirements to camjam_control.egg-info/requires.txt
[17.660s] writing top-level names to camjam_control.egg-info/top_level.txt
[17.661s] writing manifest file 'camjam_control.egg-info/SOURCES.txt'
[18.259s] reading manifest file 'camjam_control.egg-info/SOURCES.txt'
[18.265s] writing manifest file 'camjam_control.egg-info/SOURCES.txt'
[18.573s] running build_ext
[18.573s] Creating /home/robosort/robo-sort/source/rpi/ros2-robosort/install/camjam_control/lib/python3.12/site-packages/camjam-control.egg-link (link to .)
[18.584s] Installing control script to /home/robosort/robo-sort/source/rpi/ros2-robosort/install/camjam_control/lib/camjam_control
[18.586s] Installing move script to /home/robosort/robo-sort/source/rpi/ros2-robosort/install/camjam_control/lib/camjam_control
[18.588s] 
[18.594s] Installed /home/robosort/robo-sort/source/rpi/ros2-robosort/build/camjam_control
[18.595s] running symlink_data
[18.596s] creating /home/robosort/robo-sort/source/rpi/ros2-robosort/install/camjam_control/share/ament_index
[18.597s] creating /home/robosort/robo-sort/source/rpi/ros2-robosort/install/camjam_control/share/ament_index/resource_index
[18.612s] creating /home/robosort/robo-sort/source/rpi/ros2-robosort/install/camjam_control/share/ament_index/resource_index/packages
[18.620s] symbolically linking /home/robosort/robo-sort/source/rpi/ros2-robosort/build/camjam_control/resource/camjam_control -> /home/robosort/robo-sort/source/rpi/ros2-robosort/install/camjam_control/share/ament_index/resource_index/packages
[18.625s] symbolically linking /home/robosort/robo-sort/source/rpi/ros2-robosort/build/camjam_control/package.xml -> /home/robosort/robo-sort/source/rpi/ros2-robosort/install/camjam_control/share/camjam_control
[18.626s] creating /home/robosort/robo-sort/source/rpi/ros2-robosort/install/camjam_control/share/camjam_control/launch
[18.632s] symbolically linking /home/robosort/robo-sort/source/rpi/ros2-robosort/build/camjam_control/launch/camjam_control.launch.py -> /home/robosort/robo-sort/source/rpi/ros2-robosort/install/camjam_control/share/camjam_control/launch
[18.989s] Invoked command in '/home/robosort/robo-sort/source/rpi/ros2-robosort/build/camjam_control' returned '0': DEBUGINFOD_URLS=https://debuginfod.ubuntu.com PYTHONPATH=/home/robosort/robo-sort/source/rpi/ros2-robosort/build/camjam_control/prefix_override:/usr/lib/python3/dist-packages/colcon_core/task/python/colcon_distutils_commands:/home/robosort/robo-sort/source/rpi/ros2-robosort/install/camjam_control/lib/python3.12/site-packages:${PYTHONPATH} /usr/bin/python3 -W ignore:setup.py install is deprecated -W ignore:easy_install command is deprecated setup.py develop --editable --build-directory /home/robosort/robo-sort/source/rpi/ros2-robosort/build/camjam_control/build --no-deps symlink_data
