running develop
running egg_info
creating robosort_vision.egg-info
writing robosort_vision.egg-info/PKG-INFO
writing dependency_links to robosort_vision.egg-info/dependency_links.txt
writing entry points to robosort_vision.egg-info/entry_points.txt
writing requirements to robosort_vision.egg-info/requires.txt
writing top-level names to robosort_vision.egg-info/top_level.txt
writing manifest file 'robosort_vision.egg-info/SOURCES.txt'
reading manifest file 'robosort_vision.egg-info/SOURCES.txt'
writing manifest file 'robosort_vision.egg-info/SOURCES.txt'
running build_ext
Creating /home/robosort/robo-sort/source/rpi/ros2-robosort/install/robosort_vision/lib/python3.12/site-packages/robosort-vision.egg-link (link to .)
Installing arduino_serial script to /home/robosort/robo-sort/source/rpi/ros2-robosort/install/robosort_vision/lib/robosort_vision
Installing waste_segregation_controller script to /home/robosort/robo-sort/source/rpi/ros2-robosort/install/robosort_vision/lib/robosort_vision
Installing yolo_detector script to /home/robosort/robo-sort/source/rpi/ros2-robosort/install/robosort_vision/lib/robosort_vision

Installed /home/robosort/robo-sort/source/rpi/ros2-robosort/build/robosort_vision
running symlink_data
creating /home/robosort/robo-sort/source/rpi/ros2-robosort/install/robosort_vision/share/ament_index
creating /home/robosort/robo-sort/source/rpi/ros2-robosort/install/robosort_vision/share/ament_index/resource_index
creating /home/robosort/robo-sort/source/rpi/ros2-robosort/install/robosort_vision/share/ament_index/resource_index/packages
symbolically linking /home/robosort/robo-sort/source/rpi/ros2-robosort/build/robosort_vision/resource/robosort_vision -> /home/robosort/robo-sort/source/rpi/ros2-robosort/install/robosort_vision/share/ament_index/resource_index/packages
symbolically linking /home/robosort/robo-sort/source/rpi/ros2-robosort/build/robosort_vision/package.xml -> /home/robosort/robo-sort/source/rpi/ros2-robosort/install/robosort_vision/share/robosort_vision
creating /home/robosort/robo-sort/source/rpi/ros2-robosort/install/robosort_vision/share/robosort_vision/launch
symbolically linking /home/robosort/robo-sort/source/rpi/ros2-robosort/build/robosort_vision/launch/robosort.launch.py -> /home/robosort/robo-sort/source/rpi/ros2-robosort/install/robosort_vision/share/robosort_vision/launch
creating /home/robosort/robo-sort/source/rpi/ros2-robosort/install/robosort_vision/share/robosort_vision/config
symbolically linking /home/robosort/robo-sort/source/rpi/ros2-robosort/build/robosort_vision/config/robosort.rviz -> /home/robosort/robo-sort/source/rpi/ros2-robosort/install/robosort_vision/share/robosort_vision/config
