running develop
running egg_info
creating camjam_sensors.egg-info
writing camjam_sensors.egg-info/PKG-INFO
writing dependency_links to camjam_sensors.egg-info/dependency_links.txt
writing entry points to camjam_sensors.egg-info/entry_points.txt
writing requirements to camjam_sensors.egg-info/requires.txt
writing top-level names to camjam_sensors.egg-info/top_level.txt
writing manifest file 'camjam_sensors.egg-info/SOURCES.txt'
reading manifest file 'camjam_sensors.egg-info/SOURCES.txt'
writing manifest file 'camjam_sensors.egg-info/SOURCES.txt'
running build_ext
Creating /home/robosort/robo-sort/source/rpi/ros2-robosort/install/camjam_sensors/lib/python3.12/site-packages/camjam-sensors.egg-link (link to .)
Installing distance script to /home/robosort/robo-sort/source/rpi/ros2-robosort/install/camjam_sensors/lib/camjam_sensors
Installing line script to /home/robosort/robo-sort/source/rpi/ros2-robosort/install/camjam_sensors/lib/camjam_sensors

Installed /home/robosort/robo-sort/source/rpi/ros2-robosort/build/camjam_sensors
running symlink_data
creating /home/robosort/robo-sort/source/rpi/ros2-robosort/install/camjam_sensors/share/ament_index
creating /home/robosort/robo-sort/source/rpi/ros2-robosort/install/camjam_sensors/share/ament_index/resource_index
creating /home/robosort/robo-sort/source/rpi/ros2-robosort/install/camjam_sensors/share/ament_index/resource_index/packages
symbolically linking /home/robosort/robo-sort/source/rpi/ros2-robosort/build/camjam_sensors/resource/camjam_sensors -> /home/robosort/robo-sort/source/rpi/ros2-robosort/install/camjam_sensors/share/ament_index/resource_index/packages
symbolically linking /home/robosort/robo-sort/source/rpi/ros2-robosort/build/camjam_sensors/package.xml -> /home/robosort/robo-sort/source/rpi/ros2-robosort/install/camjam_sensors/share/camjam_sensors
