[0.696s] DEBUG:colcon:Command line arguments: ['/usr/bin/colcon', 'build', '--symlink-install', '--packages-select', 'robosort_vision']
[0.696s] DEBUG:colcon:Parsed command line arguments: Namespace(log_base=None, log_level=None, verb_name='build', build_base='build', install_base='install', merge_install=False, symlink_install=True, test_result_base=None, continue_on_error=False, executor='parallel', parallel_workers=4, event_handlers=None, ignore_user_meta=False, metas=['./colcon.meta'], base_paths=['.'], packages_ignore=None, packages_ignore_regex=None, paths=None, packages_up_to=None, packages_up_to_regex=None, packages_above=None, packages_above_and_dependencies=None, packages_above_depth=None, packages_select_by_dep=None, packages_skip_by_dep=None, packages_skip_up_to=None, packages_select_build_failed=False, packages_skip_build_finished=False, packages_select_test_failures=False, packages_skip_test_passed=False, packages_select=['robosort_vision'], packages_skip=None, packages_select_regex=None, packages_skip_regex=None, packages_start=None, packages_end=None, allow_overriding=[], cmake_args=None, cmake_target=None, cmake_target_skip_unavailable=False, cmake_clean_cache=False, cmake_clean_first=False, cmake_force_configure=False, ament_cmake_args=None, catkin_cmake_args=None, catkin_skip_building_tests=False, mixin_files=None, mixin=None, verb_parser=<colcon_mixin.mixin.mixin_argument.MixinArgumentDecorator object at 0xffff93cdde80>, verb_extension=<colcon_core.verb.build.BuildVerb object at 0xffff93fcf110>, main=<bound method BuildVerb.main of <colcon_core.verb.build.BuildVerb object at 0xffff93fcf110>>, mixin_verb=('build',))
[0.897s] Level 1:colcon.colcon_core.package_discovery:discover_packages(colcon_meta) check parameters
[0.897s] Level 1:colcon.colcon_core.package_discovery:discover_packages(recursive) check parameters
[0.898s] Level 1:colcon.colcon_core.package_discovery:discover_packages(ignore) check parameters
[0.898s] Level 1:colcon.colcon_core.package_discovery:discover_packages(path) check parameters
[0.898s] Level 1:colcon.colcon_core.package_discovery:discover_packages(colcon_meta) discover
[0.898s] Level 1:colcon.colcon_core.package_discovery:discover_packages(recursive) discover
[0.898s] INFO:colcon.colcon_core.package_discovery:Crawling recursively for packages in '/home/robosort/robo-sort/source/rpi/ros2-robosort'
[0.899s] Level 1:colcon.colcon_core.package_identification:_identify(.) by extensions ['ignore', 'ignore_ament_install']
[0.899s] Level 1:colcon.colcon_core.package_identification:_identify(.) by extension 'ignore'
[0.899s] Level 1:colcon.colcon_core.package_identification:_identify(.) by extension 'ignore_ament_install'
[0.900s] Level 1:colcon.colcon_core.package_identification:_identify(.) by extensions ['colcon_pkg']
[0.900s] Level 1:colcon.colcon_core.package_identification:_identify(.) by extension 'colcon_pkg'
[0.900s] Level 1:colcon.colcon_core.package_identification:_identify(.) by extensions ['colcon_meta']
[0.900s] Level 1:colcon.colcon_core.package_identification:_identify(.) by extension 'colcon_meta'
[0.900s] Level 1:colcon.colcon_core.package_identification:_identify(.) by extensions ['ros']
[0.900s] Level 1:colcon.colcon_core.package_identification:_identify(.) by extension 'ros'
[1.022s] Level 1:colcon.colcon_core.package_identification:_identify(.) by extensions ['cmake', 'python']
[1.022s] Level 1:colcon.colcon_core.package_identification:_identify(.) by extension 'cmake'
[1.023s] Level 1:colcon.colcon_core.package_identification:_identify(.) by extension 'python'
[1.023s] Level 1:colcon.colcon_core.package_identification:_identify(.) by extensions ['python_setup_py']
[1.024s] Level 1:colcon.colcon_core.package_identification:_identify(.) by extension 'python_setup_py'
[1.026s] Level 1:colcon.colcon_core.package_identification:_identify(build) by extensions ['ignore', 'ignore_ament_install']
[1.026s] Level 1:colcon.colcon_core.package_identification:_identify(build) by extension 'ignore'
[1.027s] Level 1:colcon.colcon_core.package_identification:_identify(build) ignored
[1.028s] Level 1:colcon.colcon_core.package_identification:_identify(install) by extensions ['ignore', 'ignore_ament_install']
[1.028s] Level 1:colcon.colcon_core.package_identification:_identify(install) by extension 'ignore'
[1.029s] Level 1:colcon.colcon_core.package_identification:_identify(install) ignored
[1.030s] Level 1:colcon.colcon_core.package_identification:_identify(log) by extensions ['ignore', 'ignore_ament_install']
[1.030s] Level 1:colcon.colcon_core.package_identification:_identify(log) by extension 'ignore'
[1.031s] Level 1:colcon.colcon_core.package_identification:_identify(log) ignored
[1.032s] Level 1:colcon.colcon_core.package_identification:_identify(src) by extensions ['ignore', 'ignore_ament_install']
[1.032s] Level 1:colcon.colcon_core.package_identification:_identify(src) by extension 'ignore'
[1.033s] Level 1:colcon.colcon_core.package_identification:_identify(src) by extension 'ignore_ament_install'
[1.033s] Level 1:colcon.colcon_core.package_identification:_identify(src) by extensions ['colcon_pkg']
[1.033s] Level 1:colcon.colcon_core.package_identification:_identify(src) by extension 'colcon_pkg'
[1.033s] Level 1:colcon.colcon_core.package_identification:_identify(src) by extensions ['colcon_meta']
[1.033s] Level 1:colcon.colcon_core.package_identification:_identify(src) by extension 'colcon_meta'
[1.034s] Level 1:colcon.colcon_core.package_identification:_identify(src) by extensions ['ros']
[1.034s] Level 1:colcon.colcon_core.package_identification:_identify(src) by extension 'ros'
[1.034s] Level 1:colcon.colcon_core.package_identification:_identify(src) by extensions ['cmake', 'python']
[1.034s] Level 1:colcon.colcon_core.package_identification:_identify(src) by extension 'cmake'
[1.034s] Level 1:colcon.colcon_core.package_identification:_identify(src) by extension 'python'
[1.035s] Level 1:colcon.colcon_core.package_identification:_identify(src) by extensions ['python_setup_py']
[1.035s] Level 1:colcon.colcon_core.package_identification:_identify(src) by extension 'python_setup_py'
[1.035s] Level 1:colcon.colcon_core.package_identification:_identify(src/camjam_control) by extensions ['ignore', 'ignore_ament_install']
[1.036s] Level 1:colcon.colcon_core.package_identification:_identify(src/camjam_control) by extension 'ignore'
[1.036s] Level 1:colcon.colcon_core.package_identification:_identify(src/camjam_control) by extension 'ignore_ament_install'
[1.036s] Level 1:colcon.colcon_core.package_identification:_identify(src/camjam_control) by extensions ['colcon_pkg']
[1.036s] Level 1:colcon.colcon_core.package_identification:_identify(src/camjam_control) by extension 'colcon_pkg'
[1.036s] Level 1:colcon.colcon_core.package_identification:_identify(src/camjam_control) by extensions ['colcon_meta']
[1.037s] Level 1:colcon.colcon_core.package_identification:_identify(src/camjam_control) by extension 'colcon_meta'
[1.037s] Level 1:colcon.colcon_core.package_identification:_identify(src/camjam_control) by extensions ['ros']
[1.037s] Level 1:colcon.colcon_core.package_identification:_identify(src/camjam_control) by extension 'ros'
[1.045s] DEBUG:colcon.colcon_core.package_identification:Package 'src/camjam_control' with type 'ros.ament_python' and name 'camjam_control'
[1.046s] Level 1:colcon.colcon_core.package_identification:_identify(src/camjam_sensors) by extensions ['ignore', 'ignore_ament_install']
[1.047s] Level 1:colcon.colcon_core.package_identification:_identify(src/camjam_sensors) by extension 'ignore'
[1.047s] Level 1:colcon.colcon_core.package_identification:_identify(src/camjam_sensors) by extension 'ignore_ament_install'
[1.048s] Level 1:colcon.colcon_core.package_identification:_identify(src/camjam_sensors) by extensions ['colcon_pkg']
[1.048s] Level 1:colcon.colcon_core.package_identification:_identify(src/camjam_sensors) by extension 'colcon_pkg'
[1.048s] Level 1:colcon.colcon_core.package_identification:_identify(src/camjam_sensors) by extensions ['colcon_meta']
[1.048s] Level 1:colcon.colcon_core.package_identification:_identify(src/camjam_sensors) by extension 'colcon_meta'
[1.048s] Level 1:colcon.colcon_core.package_identification:_identify(src/camjam_sensors) by extensions ['ros']
[1.048s] Level 1:colcon.colcon_core.package_identification:_identify(src/camjam_sensors) by extension 'ros'
[1.050s] DEBUG:colcon.colcon_core.package_identification:Package 'src/camjam_sensors' with type 'ros.ament_python' and name 'camjam_sensors'
[1.051s] Level 1:colcon.colcon_core.package_identification:_identify(src/robosort_interfaces) by extensions ['ignore', 'ignore_ament_install']
[1.051s] Level 1:colcon.colcon_core.package_identification:_identify(src/robosort_interfaces) by extension 'ignore'
[1.052s] Level 1:colcon.colcon_core.package_identification:_identify(src/robosort_interfaces) by extension 'ignore_ament_install'
[1.052s] Level 1:colcon.colcon_core.package_identification:_identify(src/robosort_interfaces) by extensions ['colcon_pkg']
[1.052s] Level 1:colcon.colcon_core.package_identification:_identify(src/robosort_interfaces) by extension 'colcon_pkg'
[1.052s] Level 1:colcon.colcon_core.package_identification:_identify(src/robosort_interfaces) by extensions ['colcon_meta']
[1.052s] Level 1:colcon.colcon_core.package_identification:_identify(src/robosort_interfaces) by extension 'colcon_meta'
[1.052s] Level 1:colcon.colcon_core.package_identification:_identify(src/robosort_interfaces) by extensions ['ros']
[1.053s] Level 1:colcon.colcon_core.package_identification:_identify(src/robosort_interfaces) by extension 'ros'
[1.054s] DEBUG:colcon.colcon_core.package_identification:Package 'src/robosort_interfaces' with type 'ros.ament_cmake' and name 'robosort_interfaces'
[1.055s] Level 1:colcon.colcon_core.package_identification:_identify(src/robosort_vision) by extensions ['ignore', 'ignore_ament_install']
[1.055s] Level 1:colcon.colcon_core.package_identification:_identify(src/robosort_vision) by extension 'ignore'
[1.056s] Level 1:colcon.colcon_core.package_identification:_identify(src/robosort_vision) by extension 'ignore_ament_install'
[1.056s] Level 1:colcon.colcon_core.package_identification:_identify(src/robosort_vision) by extensions ['colcon_pkg']
[1.056s] Level 1:colcon.colcon_core.package_identification:_identify(src/robosort_vision) by extension 'colcon_pkg'
[1.056s] Level 1:colcon.colcon_core.package_identification:_identify(src/robosort_vision) by extensions ['colcon_meta']
[1.056s] Level 1:colcon.colcon_core.package_identification:_identify(src/robosort_vision) by extension 'colcon_meta'
[1.057s] Level 1:colcon.colcon_core.package_identification:_identify(src/robosort_vision) by extensions ['ros']
[1.057s] Level 1:colcon.colcon_core.package_identification:_identify(src/robosort_vision) by extension 'ros'
[1.061s] DEBUG:colcon.colcon_core.package_identification:Package 'src/robosort_vision' with type 'ros.ament_python' and name 'robosort_vision'
[1.061s] Level 1:colcon.colcon_core.package_discovery:discover_packages(recursive) using defaults
[1.061s] Level 1:colcon.colcon_core.package_discovery:discover_packages(ignore) discover
[1.061s] Level 1:colcon.colcon_core.package_discovery:discover_packages(ignore) using defaults
[1.061s] Level 1:colcon.colcon_core.package_discovery:discover_packages(path) discover
[1.061s] Level 1:colcon.colcon_core.package_discovery:discover_packages(path) using defaults
[1.153s] INFO:colcon.colcon_core.package_selection:Skipping not selected package 'camjam_control' in 'src/camjam_control'
[1.153s] INFO:colcon.colcon_core.package_selection:Skipping not selected package 'camjam_sensors' in 'src/camjam_sensors'
[1.154s] INFO:colcon.colcon_core.package_selection:Skipping not selected package 'robosort_interfaces' in 'src/robosort_interfaces'
[1.157s] Level 1:colcon.colcon_core.package_discovery:discover_packages(prefix_path) check parameters
[1.157s] Level 1:colcon.colcon_core.package_discovery:discover_packages(prefix_path) discover
[1.180s] DEBUG:colcon.colcon_installed_package_information.package_discovery:Found 3 installed packages in /home/robosort/robo-sort/source/rpi/ros2-robosort/install
[1.197s] DEBUG:colcon.colcon_installed_package_information.package_discovery:Found 362 installed packages in /opt/ros/jazzy
[1.206s] Level 1:colcon.colcon_core.package_discovery:discover_packages(prefix_path) using defaults
[1.597s] Level 5:colcon.colcon_core.verb:set package 'robosort_vision' build argument 'cmake_args' from command line to 'None'
[1.597s] Level 5:colcon.colcon_core.verb:set package 'robosort_vision' build argument 'cmake_target' from command line to 'None'
[1.598s] Level 5:colcon.colcon_core.verb:set package 'robosort_vision' build argument 'cmake_target_skip_unavailable' from command line to 'False'
[1.598s] Level 5:colcon.colcon_core.verb:set package 'robosort_vision' build argument 'cmake_clean_cache' from command line to 'False'
[1.598s] Level 5:colcon.colcon_core.verb:set package 'robosort_vision' build argument 'cmake_clean_first' from command line to 'False'
[1.598s] Level 5:colcon.colcon_core.verb:set package 'robosort_vision' build argument 'cmake_force_configure' from command line to 'False'
[1.598s] Level 5:colcon.colcon_core.verb:set package 'robosort_vision' build argument 'ament_cmake_args' from command line to 'None'
[1.598s] Level 5:colcon.colcon_core.verb:set package 'robosort_vision' build argument 'catkin_cmake_args' from command line to 'None'
[1.598s] Level 5:colcon.colcon_core.verb:set package 'robosort_vision' build argument 'catkin_skip_building_tests' from command line to 'False'
[1.598s] DEBUG:colcon.colcon_core.verb:Building package 'robosort_vision' with the following arguments: {'ament_cmake_args': None, 'build_base': '/home/robosort/robo-sort/source/rpi/ros2-robosort/build/robosort_vision', 'catkin_cmake_args': None, 'catkin_skip_building_tests': False, 'cmake_args': None, 'cmake_clean_cache': False, 'cmake_clean_first': False, 'cmake_force_configure': False, 'cmake_target': None, 'cmake_target_skip_unavailable': False, 'install_base': '/home/robosort/robo-sort/source/rpi/ros2-robosort/install/robosort_vision', 'merge_install': False, 'path': '/home/robosort/robo-sort/source/rpi/ros2-robosort/src/robosort_vision', 'symlink_install': True, 'test_result_base': None}
[1.599s] INFO:colcon.colcon_core.executor:Executing jobs using 'parallel' executor
[1.604s] DEBUG:colcon.colcon_parallel_executor.executor.parallel:run_until_complete
[1.605s] INFO:colcon.colcon_ros.task.ament_python.build:Building ROS package in '/home/robosort/robo-sort/source/rpi/ros2-robosort/src/robosort_vision' with build type 'ament_python'
[1.606s] Level 1:colcon.colcon_core.shell:create_environment_hook('robosort_vision', 'ament_prefix_path')
[1.624s] INFO:colcon.colcon_core.plugin_system:Skipping extension 'colcon_core.shell.bat': Not used on non-Windows systems
[1.627s] INFO:colcon.colcon_core.shell:Creating environment hook '/home/robosort/robo-sort/source/rpi/ros2-robosort/install/robosort_vision/share/robosort_vision/hook/ament_prefix_path.ps1'
[1.635s] INFO:colcon.colcon_core.shell:Creating environment descriptor '/home/robosort/robo-sort/source/rpi/ros2-robosort/install/robosort_vision/share/robosort_vision/hook/ament_prefix_path.dsv'
[1.637s] INFO:colcon.colcon_core.shell:Creating environment hook '/home/robosort/robo-sort/source/rpi/ros2-robosort/install/robosort_vision/share/robosort_vision/hook/ament_prefix_path.sh'
[1.641s] INFO:colcon.colcon_core.shell:Skip shell extension 'powershell' for command environment: Not usable outside of PowerShell
[1.641s] DEBUG:colcon.colcon_core.shell:Skip shell extension 'dsv' for command environment
[3.401s] INFO:colcon.colcon_core.task.python.build:Building Python package in '/home/robosort/robo-sort/source/rpi/ros2-robosort/src/robosort_vision'
[3.402s] INFO:colcon.colcon_core.shell:Skip shell extension 'powershell' for command environment: Not usable outside of PowerShell
[3.403s] DEBUG:colcon.colcon_core.shell:Skip shell extension 'dsv' for command environment
[8.290s] DEBUG:colcon.colcon_core.event_handler.log_command:Invoking command in '/home/robosort/robo-sort/source/rpi/ros2-robosort/build/robosort_vision': DEBUGINFOD_URLS=https://debuginfod.ubuntu.com PYTHONPATH=/home/robosort/robo-sort/source/rpi/ros2-robosort/build/robosort_vision/prefix_override:/usr/lib/python3/dist-packages/colcon_core/task/python/colcon_distutils_commands:/home/robosort/robo-sort/source/rpi/ros2-robosort/install/robosort_vision/lib/python3.12/site-packages:${PYTHONPATH} /usr/bin/python3 -W ignore:setup.py install is deprecated -W ignore:easy_install command is deprecated setup.py develop --editable --build-directory /home/robosort/robo-sort/source/rpi/ros2-robosort/build/robosort_vision/build --no-deps symlink_data
[13.205s] Level 1:colcon.colcon_core.shell:create_environment_hook('robosort_vision', 'pythonpath_develop')
[13.206s] INFO:colcon.colcon_core.shell:Creating environment hook '/home/robosort/robo-sort/source/rpi/ros2-robosort/build/robosort_vision/share/robosort_vision/hook/pythonpath_develop.ps1'
[13.210s] DEBUG:colcon.colcon_core.event_handler.log_command:Invoked command in '/home/robosort/robo-sort/source/rpi/ros2-robosort/build/robosort_vision' returned '0': DEBUGINFOD_URLS=https://debuginfod.ubuntu.com PYTHONPATH=/home/robosort/robo-sort/source/rpi/ros2-robosort/build/robosort_vision/prefix_override:/usr/lib/python3/dist-packages/colcon_core/task/python/colcon_distutils_commands:/home/robosort/robo-sort/source/rpi/ros2-robosort/install/robosort_vision/lib/python3.12/site-packages:${PYTHONPATH} /usr/bin/python3 -W ignore:setup.py install is deprecated -W ignore:easy_install command is deprecated setup.py develop --editable --build-directory /home/robosort/robo-sort/source/rpi/ros2-robosort/build/robosort_vision/build --no-deps symlink_data
[13.213s] INFO:colcon.colcon_core.shell:Creating environment descriptor '/home/robosort/robo-sort/source/rpi/ros2-robosort/build/robosort_vision/share/robosort_vision/hook/pythonpath_develop.dsv'
[13.214s] INFO:colcon.colcon_core.shell:Creating environment hook '/home/robosort/robo-sort/source/rpi/ros2-robosort/build/robosort_vision/share/robosort_vision/hook/pythonpath_develop.sh'
[13.239s] Level 1:colcon.colcon_core.environment:checking '/home/robosort/robo-sort/source/rpi/ros2-robosort/install/robosort_vision' for CMake module files
[13.244s] Level 1:colcon.colcon_core.environment:checking '/home/robosort/robo-sort/source/rpi/ros2-robosort/install/robosort_vision' for CMake config files
[13.249s] Level 1:colcon.colcon_core.environment:checking '/home/robosort/robo-sort/source/rpi/ros2-robosort/install/robosort_vision/lib'
[13.251s] Level 1:colcon.colcon_core.environment:checking '/home/robosort/robo-sort/source/rpi/ros2-robosort/install/robosort_vision/bin'
[13.252s] Level 1:colcon.colcon_core.environment:checking '/home/robosort/robo-sort/source/rpi/ros2-robosort/install/robosort_vision/lib/pkgconfig/robosort_vision.pc'
[13.255s] Level 1:colcon.colcon_core.environment:checking '/home/robosort/robo-sort/source/rpi/ros2-robosort/install/robosort_vision/lib/python3.12/site-packages'
[13.256s] Level 1:colcon.colcon_core.shell:create_environment_hook('robosort_vision', 'pythonpath')
[13.257s] INFO:colcon.colcon_core.shell:Creating environment hook '/home/robosort/robo-sort/source/rpi/ros2-robosort/install/robosort_vision/share/robosort_vision/hook/pythonpath.ps1'
[13.259s] INFO:colcon.colcon_core.shell:Creating environment descriptor '/home/robosort/robo-sort/source/rpi/ros2-robosort/install/robosort_vision/share/robosort_vision/hook/pythonpath.dsv'
[13.262s] INFO:colcon.colcon_core.shell:Creating environment hook '/home/robosort/robo-sort/source/rpi/ros2-robosort/install/robosort_vision/share/robosort_vision/hook/pythonpath.sh'
[13.267s] Level 1:colcon.colcon_core.environment:checking '/home/robosort/robo-sort/source/rpi/ros2-robosort/install/robosort_vision/bin'
[13.267s] Level 1:colcon.colcon_core.environment:create_environment_scripts_only(robosort_vision)
[13.268s] INFO:colcon.colcon_core.shell:Creating package script '/home/robosort/robo-sort/source/rpi/ros2-robosort/install/robosort_vision/share/robosort_vision/package.ps1'
[13.272s] INFO:colcon.colcon_core.shell:Creating package descriptor '/home/robosort/robo-sort/source/rpi/ros2-robosort/install/robosort_vision/share/robosort_vision/package.dsv'
[13.280s] INFO:colcon.colcon_core.shell:Creating package script '/home/robosort/robo-sort/source/rpi/ros2-robosort/install/robosort_vision/share/robosort_vision/package.sh'
[13.285s] INFO:colcon.colcon_core.shell:Creating package script '/home/robosort/robo-sort/source/rpi/ros2-robosort/install/robosort_vision/share/robosort_vision/package.bash'
[13.289s] INFO:colcon.colcon_core.shell:Creating package script '/home/robosort/robo-sort/source/rpi/ros2-robosort/install/robosort_vision/share/robosort_vision/package.zsh'
[13.292s] Level 1:colcon.colcon_core.environment:create_file_with_runtime_dependencies(/home/robosort/robo-sort/source/rpi/ros2-robosort/install/robosort_vision/share/colcon-core/packages/robosort_vision)
[13.294s] DEBUG:colcon.colcon_parallel_executor.executor.parallel:closing loop
[13.296s] DEBUG:colcon.colcon_parallel_executor.executor.parallel:loop closed
[13.296s] DEBUG:colcon.colcon_parallel_executor.executor.parallel:run_until_complete finished with '0'
[13.297s] DEBUG:colcon.colcon_core.event_reactor:joining thread
[13.334s] INFO:colcon.colcon_core.plugin_system:Skipping extension 'colcon_notification.desktop_notification.terminal_notifier': Not used on non-Darwin systems
[13.335s] INFO:colcon.colcon_core.plugin_system:Skipping extension 'colcon_notification.desktop_notification.win32': Not used on non-Windows systems
[13.335s] INFO:colcon.colcon_notification.desktop_notification:Sending desktop notification using 'notify2'
[13.416s] DEBUG:colcon.colcon_core.event_reactor:joined thread
[13.417s] INFO:colcon.colcon_core.shell:Creating prefix script '/home/robosort/robo-sort/source/rpi/ros2-robosort/install/local_setup.ps1'
[13.421s] INFO:colcon.colcon_core.shell:Creating prefix util module '/home/robosort/robo-sort/source/rpi/ros2-robosort/install/_local_setup_util_ps1.py'
[13.429s] INFO:colcon.colcon_core.shell:Creating prefix chain script '/home/robosort/robo-sort/source/rpi/ros2-robosort/install/setup.ps1'
[13.437s] INFO:colcon.colcon_core.shell:Creating prefix script '/home/robosort/robo-sort/source/rpi/ros2-robosort/install/local_setup.sh'
[13.440s] INFO:colcon.colcon_core.shell:Creating prefix util module '/home/robosort/robo-sort/source/rpi/ros2-robosort/install/_local_setup_util_sh.py'
[13.446s] INFO:colcon.colcon_core.shell:Creating prefix chain script '/home/robosort/robo-sort/source/rpi/ros2-robosort/install/setup.sh'
[13.452s] INFO:colcon.colcon_core.shell:Creating prefix script '/home/robosort/robo-sort/source/rpi/ros2-robosort/install/local_setup.bash'
[13.455s] INFO:colcon.colcon_core.shell:Creating prefix chain script '/home/robosort/robo-sort/source/rpi/ros2-robosort/install/setup.bash'
[13.463s] INFO:colcon.colcon_core.shell:Creating prefix script '/home/robosort/robo-sort/source/rpi/ros2-robosort/install/local_setup.zsh'
[13.468s] INFO:colcon.colcon_core.shell:Creating prefix chain script '/home/robosort/robo-sort/source/rpi/ros2-robosort/install/setup.zsh'
