-- The C compiler identification is GNU 13.3.0
-- The CXX compiler identification is GNU 13.3.0
-- Detecting C compiler ABI info
-- Detecting C compiler ABI info - done
-- Check for working C compiler: /usr/bin/cc - skipped
-- Detecting C compile features
-- Detecting C compile features - done
-- Detecting CXX compiler ABI info
-- Detecting CXX compiler ABI info - done
-- Check for working CXX compiler: /usr/bin/c++ - skipped
-- Detecting CXX compile features
-- Detecting CXX compile features - done
-- Found ament_cmake: 2.5.4 (/opt/ros/jazzy/share/ament_cmake/cmake)
-- Found Python3: /usr/bin/python3 (found version "3.12.3") found components: Interpreter 
-- Override CMake install command with custom implementation using symlinks instead of copying resources
-- Found rosidl_default_generators: 1.6.0 (/opt/ros/jazzy/share/rosidl_default_generators/cmake)
-- Using all available rosidl_typesupport_c: rosidl_typesupport_fastrtps_c;rosidl_typesupport_introspection_c
-- Using all available rosidl_typesupport_cpp: rosidl_typesupport_fastrtps_cpp;rosidl_typesupport_introspection_cpp
-- Found rosidl_adapter: 4.6.6 (/opt/ros/jazzy/share/rosidl_adapter/cmake)
-- Found ament_cmake_ros: 0.12.0 (/opt/ros/jazzy/share/ament_cmake_ros/cmake)
-- Using all available rosidl_typesupport_c: rosidl_typesupport_fastrtps_c;rosidl_typesupport_introspection_c
-- Using all available rosidl_typesupport_cpp: rosidl_typesupport_fastrtps_cpp;rosidl_typesupport_introspection_cpp
-- Found python_cmake_module: 0.11.1 (/opt/ros/jazzy/share/python_cmake_module/cmake)
-- Found PythonExtra: /usr/bin/python3  
-- Found Python3: /usr/bin/python3 (found version "3.12.3") found components: Interpreter Development NumPy Development.Module Development.Embed 
-- Found ament_lint_auto: 0.17.3 (/opt/ros/jazzy/share/ament_lint_auto/cmake)
-- Added test 'lint_cmake' to check CMake code style
-- Added test 'xmllint' to check XML markup files
-- Configuring done (26.5s)
-- Generating done (0.5s)
-- Build files have been written to: /home/robosort/robo-sort/source/rpi/ros2-robosort/build/robosort_interfaces
[  1%] [34m[1mGenerating type hashes for ROS interfaces[0m
[  1%] Built target ament_cmake_python_symlink_robosort_interfaces
running egg_info
creating robosort_interfaces.egg-info
[  1%] Built target robosort_interfaces__rosidl_generator_type_description
writing robosort_interfaces.egg-info/PKG-INFO
writing dependency_links to robosort_interfaces.egg-info/dependency_links.txt
writing top-level names to robosort_interfaces.egg-info/top_level.txt
writing manifest file 'robosort_interfaces.egg-info/SOURCES.txt'
[  3%] [34m[1mGenerating C++ code for ROS interfaces[0m
reading manifest file 'robosort_interfaces.egg-info/SOURCES.txt'
writing manifest file 'robosort_interfaces.egg-info/SOURCES.txt'
[  3%] Built target ament_cmake_python_build_robosort_interfaces_egg
[  4%] [34m[1mGenerating C code for ROS interfaces[0m
[  4%] Built target robosort_interfaces__cpp
[  6%] [32mBuilding C object CMakeFiles/robosort_interfaces__rosidl_generator_c.dir/rosidl_generator_c/robosort_interfaces/srv/detail/set_servo__description.c.o[0m
[  7%] [32mBuilding C object CMakeFiles/robosort_interfaces__rosidl_generator_c.dir/rosidl_generator_c/robosort_interfaces/srv/detail/move_robot_arm__description.c.o[0m
[  9%] [32mBuilding C object CMakeFiles/robosort_interfaces__rosidl_generator_c.dir/rosidl_generator_c/robosort_interfaces/srv/detail/move_robot_arm__functions.c.o[0m
[ 10%] [32mBuilding C object CMakeFiles/robosort_interfaces__rosidl_generator_c.dir/rosidl_generator_c/robosort_interfaces/srv/detail/move_robot_arm__type_support.c.o[0m
[ 12%] [32mBuilding C object CMakeFiles/robosort_interfaces__rosidl_generator_c.dir/rosidl_generator_c/robosort_interfaces/srv/detail/rotate_bin__description.c.o[0m
[ 14%] [32mBuilding C object CMakeFiles/robosort_interfaces__rosidl_generator_c.dir/rosidl_generator_c/robosort_interfaces/srv/detail/rotate_bin__functions.c.o[0m
[ 15%] [32mBuilding C object CMakeFiles/robosort_interfaces__rosidl_generator_c.dir/rosidl_generator_c/robosort_interfaces/srv/detail/rotate_bin__type_support.c.o[0m
[ 17%] [32mBuilding C object CMakeFiles/robosort_interfaces__rosidl_generator_c.dir/rosidl_generator_c/robosort_interfaces/srv/detail/get_distance__description.c.o[0m
[ 18%] [32mBuilding C object CMakeFiles/robosort_interfaces__rosidl_generator_c.dir/rosidl_generator_c/robosort_interfaces/srv/detail/get_distance__functions.c.o[0m
[ 20%] [32mBuilding C object CMakeFiles/robosort_interfaces__rosidl_generator_c.dir/rosidl_generator_c/robosort_interfaces/srv/detail/get_distance__type_support.c.o[0m
[ 21%] [32mBuilding C object CMakeFiles/robosort_interfaces__rosidl_generator_c.dir/rosidl_generator_c/robosort_interfaces/srv/detail/set_servo__type_support.c.o[0m
[ 23%] [32mBuilding C object CMakeFiles/robosort_interfaces__rosidl_generator_c.dir/rosidl_generator_c/robosort_interfaces/srv/detail/set_servo__functions.c.o[0m
[ 25%] [32m[1mLinking C shared library librobosort_interfaces__rosidl_generator_c.so[0m
[ 25%] Built target robosort_interfaces__rosidl_generator_c
[ 26%] [34m[1mGenerating C++ introspection for ROS interfaces[0m
[ 28%] [32mBuilding CXX object CMakeFiles/robosort_interfaces__rosidl_typesupport_introspection_cpp.dir/rosidl_typesupport_introspection_cpp/robosort_interfaces/srv/detail/set_servo__type_support.cpp.o[0m
[ 29%] [32mBuilding CXX object CMakeFiles/robosort_interfaces__rosidl_typesupport_introspection_cpp.dir/rosidl_typesupport_introspection_cpp/robosort_interfaces/srv/detail/move_robot_arm__type_support.cpp.o[0m
[ 31%] [32mBuilding CXX object CMakeFiles/robosort_interfaces__rosidl_typesupport_introspection_cpp.dir/rosidl_typesupport_introspection_cpp/robosort_interfaces/srv/detail/rotate_bin__type_support.cpp.o[0m
[ 32%] [32mBuilding CXX object CMakeFiles/robosort_interfaces__rosidl_typesupport_introspection_cpp.dir/rosidl_typesupport_introspection_cpp/robosort_interfaces/srv/detail/get_distance__type_support.cpp.o[0m
[ 34%] [32m[1mLinking CXX shared library librobosort_interfaces__rosidl_typesupport_introspection_cpp.so[0m
[ 34%] Built target robosort_interfaces__rosidl_typesupport_introspection_cpp
[ 35%] [34m[1mGenerating C introspection for ROS interfaces[0m
[ 37%] [32mBuilding C object CMakeFiles/robosort_interfaces__rosidl_typesupport_introspection_c.dir/rosidl_typesupport_introspection_c/robosort_interfaces/srv/detail/set_servo__type_support.c.o[0m
[ 39%] [32mBuilding C object CMakeFiles/robosort_interfaces__rosidl_typesupport_introspection_c.dir/rosidl_typesupport_introspection_c/robosort_interfaces/srv/detail/move_robot_arm__type_support.c.o[0m
[ 40%] [32mBuilding C object CMakeFiles/robosort_interfaces__rosidl_typesupport_introspection_c.dir/rosidl_typesupport_introspection_c/robosort_interfaces/srv/detail/rotate_bin__type_support.c.o[0m
[ 42%] [32mBuilding C object CMakeFiles/robosort_interfaces__rosidl_typesupport_introspection_c.dir/rosidl_typesupport_introspection_c/robosort_interfaces/srv/detail/get_distance__type_support.c.o[0m
[ 43%] [32m[1mLinking C shared library librobosort_interfaces__rosidl_typesupport_introspection_c.so[0m
[ 43%] Built target robosort_interfaces__rosidl_typesupport_introspection_c
[ 45%] [34m[1mGenerating C type support dispatch for ROS interfaces[0m
[ 46%] [32mBuilding CXX object CMakeFiles/robosort_interfaces__rosidl_typesupport_c.dir/rosidl_typesupport_c/robosort_interfaces/srv/set_servo__type_support.cpp.o[0m
[ 48%] [32mBuilding CXX object CMakeFiles/robosort_interfaces__rosidl_typesupport_c.dir/rosidl_typesupport_c/robosort_interfaces/srv/move_robot_arm__type_support.cpp.o[0m
[ 50%] [32mBuilding CXX object CMakeFiles/robosort_interfaces__rosidl_typesupport_c.dir/rosidl_typesupport_c/robosort_interfaces/srv/rotate_bin__type_support.cpp.o[0m
[ 51%] [32mBuilding CXX object CMakeFiles/robosort_interfaces__rosidl_typesupport_c.dir/rosidl_typesupport_c/robosort_interfaces/srv/get_distance__type_support.cpp.o[0m
[ 53%] [32m[1mLinking CXX shared library librobosort_interfaces__rosidl_typesupport_c.so[0m
[ 53%] Built target robosort_interfaces__rosidl_typesupport_c
[ 54%] [34m[1mGenerating C++ type support for eProsima Fast-RTPS[0m
[ 56%] [32mBuilding CXX object CMakeFiles/robosort_interfaces__rosidl_typesupport_fastrtps_cpp.dir/rosidl_typesupport_fastrtps_cpp/robosort_interfaces/srv/detail/dds_fastrtps/set_servo__type_support.cpp.o[0m
[ 57%] [32mBuilding CXX object CMakeFiles/robosort_interfaces__rosidl_typesupport_fastrtps_cpp.dir/rosidl_typesupport_fastrtps_cpp/robosort_interfaces/srv/detail/dds_fastrtps/move_robot_arm__type_support.cpp.o[0m
[ 59%] [32mBuilding CXX object CMakeFiles/robosort_interfaces__rosidl_typesupport_fastrtps_cpp.dir/rosidl_typesupport_fastrtps_cpp/robosort_interfaces/srv/detail/dds_fastrtps/rotate_bin__type_support.cpp.o[0m
[ 60%] [32mBuilding CXX object CMakeFiles/robosort_interfaces__rosidl_typesupport_fastrtps_cpp.dir/rosidl_typesupport_fastrtps_cpp/robosort_interfaces/srv/detail/dds_fastrtps/get_distance__type_support.cpp.o[0m
[ 62%] [32m[1mLinking CXX shared library librobosort_interfaces__rosidl_typesupport_fastrtps_cpp.so[0m
[ 62%] Built target robosort_interfaces__rosidl_typesupport_fastrtps_cpp
[ 65%] [34m[1mGenerating C type support for eProsima Fast-RTPS[0m
[ 65%] [34m[1mGenerating C++ type support dispatch for ROS interfaces[0m
[ 67%] [32mBuilding CXX object CMakeFiles/robosort_interfaces__rosidl_typesupport_cpp.dir/rosidl_typesupport_cpp/robosort_interfaces/srv/set_servo__type_support.cpp.o[0m
[ 68%] [32mBuilding CXX object CMakeFiles/robosort_interfaces__rosidl_typesupport_cpp.dir/rosidl_typesupport_cpp/robosort_interfaces/srv/move_robot_arm__type_support.cpp.o[0m
[ 70%] [32mBuilding CXX object CMakeFiles/robosort_interfaces__rosidl_typesupport_cpp.dir/rosidl_typesupport_cpp/robosort_interfaces/srv/rotate_bin__type_support.cpp.o[0m
[ 71%] [32mBuilding CXX object CMakeFiles/robosort_interfaces__rosidl_typesupport_fastrtps_c.dir/rosidl_typesupport_fastrtps_c/robosort_interfaces/srv/detail/set_servo__type_support_c.cpp.o[0m
[ 73%] [32mBuilding CXX object CMakeFiles/robosort_interfaces__rosidl_typesupport_cpp.dir/rosidl_typesupport_cpp/robosort_interfaces/srv/get_distance__type_support.cpp.o[0m
[ 75%] [32mBuilding CXX object CMakeFiles/robosort_interfaces__rosidl_typesupport_fastrtps_c.dir/rosidl_typesupport_fastrtps_c/robosort_interfaces/srv/detail/move_robot_arm__type_support_c.cpp.o[0m
[ 76%] [32mBuilding CXX object CMakeFiles/robosort_interfaces__rosidl_typesupport_fastrtps_c.dir/rosidl_typesupport_fastrtps_c/robosort_interfaces/srv/detail/rotate_bin__type_support_c.cpp.o[0m
[ 78%] [32m[1mLinking CXX shared library librobosort_interfaces__rosidl_typesupport_cpp.so[0m
[ 78%] Built target robosort_interfaces__rosidl_typesupport_cpp
[ 79%] [32mBuilding CXX object CMakeFiles/robosort_interfaces__rosidl_typesupport_fastrtps_c.dir/rosidl_typesupport_fastrtps_c/robosort_interfaces/srv/detail/get_distance__type_support_c.cpp.o[0m
[ 81%] [32m[1mLinking CXX shared library librobosort_interfaces__rosidl_typesupport_fastrtps_c.so[0m
[ 81%] Built target robosort_interfaces__rosidl_typesupport_fastrtps_c
[ 81%] Built target robosort_interfaces
[ 82%] [34m[1mGenerating Python code for ROS interfaces[0m
[ 82%] Built target robosort_interfaces__py
[ 84%] [32mBuilding C object CMakeFiles/robosort_interfaces__rosidl_generator_py.dir/rosidl_generator_py/robosort_interfaces/srv/_move_robot_arm_s.c.o[0m
[ 85%] [32mBuilding C object CMakeFiles/robosort_interfaces__rosidl_generator_py.dir/rosidl_generator_py/robosort_interfaces/srv/_set_servo_s.c.o[0m
[ 87%] [32mBuilding C object CMakeFiles/robosort_interfaces__rosidl_generator_py.dir/rosidl_generator_py/robosort_interfaces/srv/_rotate_bin_s.c.o[0m
[ 89%] [32mBuilding C object CMakeFiles/robosort_interfaces__rosidl_generator_py.dir/rosidl_generator_py/robosort_interfaces/srv/_get_distance_s.c.o[0m
[ 90%] [32m[1mLinking C shared library librobosort_interfaces__rosidl_generator_py.so[0m
[ 90%] Built target robosort_interfaces__rosidl_generator_py
[ 92%] [32mBuilding C object CMakeFiles/robosort_interfaces_s__rosidl_typesupport_c.dir/rosidl_generator_py/robosort_interfaces/_robosort_interfaces_s.ep.rosidl_typesupport_c.c.o[0m
[ 93%] [32mBuilding C object CMakeFiles/robosort_interfaces_s__rosidl_typesupport_fastrtps_c.dir/rosidl_generator_py/robosort_interfaces/_robosort_interfaces_s.ep.rosidl_typesupport_fastrtps_c.c.o[0m
[ 95%] [32mBuilding C object CMakeFiles/robosort_interfaces_s__rosidl_typesupport_introspection_c.dir/rosidl_generator_py/robosort_interfaces/_robosort_interfaces_s.ep.rosidl_typesupport_introspection_c.c.o[0m
[ 96%] [32m[1mLinking C shared module rosidl_generator_py/robosort_interfaces/robosort_interfaces_s__rosidl_typesupport_fastrtps_c.so[0m
[ 98%] [32m[1mLinking C shared module rosidl_generator_py/robosort_interfaces/robosort_interfaces_s__rosidl_typesupport_c.so[0m
[100%] [32m[1mLinking C shared module rosidl_generator_py/robosort_interfaces/robosort_interfaces_s__rosidl_typesupport_introspection_c.so[0m
[100%] Built target robosort_interfaces_s__rosidl_typesupport_c
[100%] Built target robosort_interfaces_s__rosidl_typesupport_fastrtps_c
[100%] Built target robosort_interfaces_s__rosidl_typesupport_introspection_c
-- Install configuration: ""
-- Execute custom install script
-- Symlinking: /home/robosort/robo-sort/source/rpi/ros2-robosort/install/robosort_interfaces/share/ament_index/resource_index/rosidl_interfaces/robosort_interfaces
-- Symlinking: /home/robosort/robo-sort/source/rpi/ros2-robosort/install/robosort_interfaces/share/robosort_interfaces/srv/SetServo.json
-- Symlinking: /home/robosort/robo-sort/source/rpi/ros2-robosort/install/robosort_interfaces/share/robosort_interfaces/srv/MoveRobotArm.json
-- Symlinking: /home/robosort/robo-sort/source/rpi/ros2-robosort/install/robosort_interfaces/share/robosort_interfaces/srv/RotateBin.json
-- Symlinking: /home/robosort/robo-sort/source/rpi/ros2-robosort/install/robosort_interfaces/share/robosort_interfaces/srv/GetDistance.json
-- Symlinking: /home/robosort/robo-sort/source/rpi/ros2-robosort/install/robosort_interfaces/include/robosort_interfaces/robosort_interfaces/msg/rosidl_generator_c__visibility_control.h
-- Symlinking: /home/robosort/robo-sort/source/rpi/ros2-robosort/install/robosort_interfaces/include/robosort_interfaces/robosort_interfaces/srv/detail/get_distance__functions.h
-- Symlinking: /home/robosort/robo-sort/source/rpi/ros2-robosort/install/robosort_interfaces/include/robosort_interfaces/robosort_interfaces/srv/detail/get_distance__struct.h
-- Symlinking: /home/robosort/robo-sort/source/rpi/ros2-robosort/install/robosort_interfaces/include/robosort_interfaces/robosort_interfaces/srv/detail/get_distance__type_support.h
-- Symlinking: /home/robosort/robo-sort/source/rpi/ros2-robosort/install/robosort_interfaces/include/robosort_interfaces/robosort_interfaces/srv/detail/move_robot_arm__functions.h
-- Symlinking: /home/robosort/robo-sort/source/rpi/ros2-robosort/install/robosort_interfaces/include/robosort_interfaces/robosort_interfaces/srv/detail/move_robot_arm__struct.h
-- Symlinking: /home/robosort/robo-sort/source/rpi/ros2-robosort/install/robosort_interfaces/include/robosort_interfaces/robosort_interfaces/srv/detail/move_robot_arm__type_support.h
-- Symlinking: /home/robosort/robo-sort/source/rpi/ros2-robosort/install/robosort_interfaces/include/robosort_interfaces/robosort_interfaces/srv/detail/rotate_bin__functions.h
-- Symlinking: /home/robosort/robo-sort/source/rpi/ros2-robosort/install/robosort_interfaces/include/robosort_interfaces/robosort_interfaces/srv/detail/rotate_bin__struct.h
-- Symlinking: /home/robosort/robo-sort/source/rpi/ros2-robosort/install/robosort_interfaces/include/robosort_interfaces/robosort_interfaces/srv/detail/rotate_bin__type_support.h
-- Symlinking: /home/robosort/robo-sort/source/rpi/ros2-robosort/install/robosort_interfaces/include/robosort_interfaces/robosort_interfaces/srv/detail/set_servo__functions.h
-- Symlinking: /home/robosort/robo-sort/source/rpi/ros2-robosort/install/robosort_interfaces/include/robosort_interfaces/robosort_interfaces/srv/detail/set_servo__struct.h
-- Symlinking: /home/robosort/robo-sort/source/rpi/ros2-robosort/install/robosort_interfaces/include/robosort_interfaces/robosort_interfaces/srv/detail/set_servo__type_support.h
-- Symlinking: /home/robosort/robo-sort/source/rpi/ros2-robosort/install/robosort_interfaces/include/robosort_interfaces/robosort_interfaces/srv/get_distance.h
-- Symlinking: /home/robosort/robo-sort/source/rpi/ros2-robosort/install/robosort_interfaces/include/robosort_interfaces/robosort_interfaces/srv/move_robot_arm.h
-- Symlinking: /home/robosort/robo-sort/source/rpi/ros2-robosort/install/robosort_interfaces/include/robosort_interfaces/robosort_interfaces/srv/rotate_bin.h
-- Symlinking: /home/robosort/robo-sort/source/rpi/ros2-robosort/install/robosort_interfaces/include/robosort_interfaces/robosort_interfaces/srv/set_servo.h
-- Symlinking: /home/robosort/robo-sort/source/rpi/ros2-robosort/install/robosort_interfaces/share/robosort_interfaces/environment/library_path.sh
-- Symlinking: /home/robosort/robo-sort/source/rpi/ros2-robosort/install/robosort_interfaces/share/robosort_interfaces/environment/library_path.dsv
-- Symlinking: /home/robosort/robo-sort/source/rpi/ros2-robosort/install/robosort_interfaces/include/robosort_interfaces/robosort_interfaces/msg/rosidl_typesupport_fastrtps_c__visibility_control.h
-- Symlinking: /home/robosort/robo-sort/source/rpi/ros2-robosort/install/robosort_interfaces/include/robosort_interfaces/robosort_interfaces/srv/detail/get_distance__rosidl_typesupport_fastrtps_c.h
-- Symlinking: /home/robosort/robo-sort/source/rpi/ros2-robosort/install/robosort_interfaces/include/robosort_interfaces/robosort_interfaces/srv/detail/move_robot_arm__rosidl_typesupport_fastrtps_c.h
-- Symlinking: /home/robosort/robo-sort/source/rpi/ros2-robosort/install/robosort_interfaces/include/robosort_interfaces/robosort_interfaces/srv/detail/rotate_bin__rosidl_typesupport_fastrtps_c.h
-- Symlinking: /home/robosort/robo-sort/source/rpi/ros2-robosort/install/robosort_interfaces/include/robosort_interfaces/robosort_interfaces/srv/detail/set_servo__rosidl_typesupport_fastrtps_c.h
-- Symlinking: /home/robosort/robo-sort/source/rpi/ros2-robosort/install/robosort_interfaces/include/robosort_interfaces/robosort_interfaces/msg/rosidl_typesupport_introspection_c__visibility_control.h
-- Symlinking: /home/robosort/robo-sort/source/rpi/ros2-robosort/install/robosort_interfaces/include/robosort_interfaces/robosort_interfaces/srv/detail/get_distance__rosidl_typesupport_introspection_c.h
-- Symlinking: /home/robosort/robo-sort/source/rpi/ros2-robosort/install/robosort_interfaces/include/robosort_interfaces/robosort_interfaces/srv/detail/move_robot_arm__rosidl_typesupport_introspection_c.h
-- Symlinking: /home/robosort/robo-sort/source/rpi/ros2-robosort/install/robosort_interfaces/include/robosort_interfaces/robosort_interfaces/srv/detail/rotate_bin__rosidl_typesupport_introspection_c.h
-- Symlinking: /home/robosort/robo-sort/source/rpi/ros2-robosort/install/robosort_interfaces/include/robosort_interfaces/robosort_interfaces/srv/detail/set_servo__rosidl_typesupport_introspection_c.h
-- Symlinking: /home/robosort/robo-sort/source/rpi/ros2-robosort/install/robosort_interfaces/include/robosort_interfaces/robosort_interfaces/msg/rosidl_generator_cpp__visibility_control.hpp
-- Symlinking: /home/robosort/robo-sort/source/rpi/ros2-robosort/install/robosort_interfaces/include/robosort_interfaces/robosort_interfaces/srv/detail/get_distance__builder.hpp
-- Symlinking: /home/robosort/robo-sort/source/rpi/ros2-robosort/install/robosort_interfaces/include/robosort_interfaces/robosort_interfaces/srv/detail/get_distance__struct.hpp
-- Symlinking: /home/robosort/robo-sort/source/rpi/ros2-robosort/install/robosort_interfaces/include/robosort_interfaces/robosort_interfaces/srv/detail/get_distance__traits.hpp
-- Symlinking: /home/robosort/robo-sort/source/rpi/ros2-robosort/install/robosort_interfaces/include/robosort_interfaces/robosort_interfaces/srv/detail/get_distance__type_support.hpp
-- Symlinking: /home/robosort/robo-sort/source/rpi/ros2-robosort/install/robosort_interfaces/include/robosort_interfaces/robosort_interfaces/srv/detail/move_robot_arm__builder.hpp
-- Symlinking: /home/robosort/robo-sort/source/rpi/ros2-robosort/install/robosort_interfaces/include/robosort_interfaces/robosort_interfaces/srv/detail/move_robot_arm__struct.hpp
-- Symlinking: /home/robosort/robo-sort/source/rpi/ros2-robosort/install/robosort_interfaces/include/robosort_interfaces/robosort_interfaces/srv/detail/move_robot_arm__traits.hpp
-- Symlinking: /home/robosort/robo-sort/source/rpi/ros2-robosort/install/robosort_interfaces/include/robosort_interfaces/robosort_interfaces/srv/detail/move_robot_arm__type_support.hpp
-- Symlinking: /home/robosort/robo-sort/source/rpi/ros2-robosort/install/robosort_interfaces/include/robosort_interfaces/robosort_interfaces/srv/detail/rotate_bin__builder.hpp
-- Symlinking: /home/robosort/robo-sort/source/rpi/ros2-robosort/install/robosort_interfaces/include/robosort_interfaces/robosort_interfaces/srv/detail/rotate_bin__struct.hpp
-- Symlinking: /home/robosort/robo-sort/source/rpi/ros2-robosort/install/robosort_interfaces/include/robosort_interfaces/robosort_interfaces/srv/detail/rotate_bin__traits.hpp
-- Symlinking: /home/robosort/robo-sort/source/rpi/ros2-robosort/install/robosort_interfaces/include/robosort_interfaces/robosort_interfaces/srv/detail/rotate_bin__type_support.hpp
-- Symlinking: /home/robosort/robo-sort/source/rpi/ros2-robosort/install/robosort_interfaces/include/robosort_interfaces/robosort_interfaces/srv/detail/set_servo__builder.hpp
-- Symlinking: /home/robosort/robo-sort/source/rpi/ros2-robosort/install/robosort_interfaces/include/robosort_interfaces/robosort_interfaces/srv/detail/set_servo__struct.hpp
-- Symlinking: /home/robosort/robo-sort/source/rpi/ros2-robosort/install/robosort_interfaces/include/robosort_interfaces/robosort_interfaces/srv/detail/set_servo__traits.hpp
-- Symlinking: /home/robosort/robo-sort/source/rpi/ros2-robosort/install/robosort_interfaces/include/robosort_interfaces/robosort_interfaces/srv/detail/set_servo__type_support.hpp
-- Symlinking: /home/robosort/robo-sort/source/rpi/ros2-robosort/install/robosort_interfaces/include/robosort_interfaces/robosort_interfaces/srv/get_distance.hpp
-- Symlinking: /home/robosort/robo-sort/source/rpi/ros2-robosort/install/robosort_interfaces/include/robosort_interfaces/robosort_interfaces/srv/move_robot_arm.hpp
-- Symlinking: /home/robosort/robo-sort/source/rpi/ros2-robosort/install/robosort_interfaces/include/robosort_interfaces/robosort_interfaces/srv/rotate_bin.hpp
-- Symlinking: /home/robosort/robo-sort/source/rpi/ros2-robosort/install/robosort_interfaces/include/robosort_interfaces/robosort_interfaces/srv/set_servo.hpp
-- Symlinking: /home/robosort/robo-sort/source/rpi/ros2-robosort/install/robosort_interfaces/include/robosort_interfaces/robosort_interfaces/msg/rosidl_typesupport_fastrtps_cpp__visibility_control.h
-- Symlinking: /home/robosort/robo-sort/source/rpi/ros2-robosort/install/robosort_interfaces/include/robosort_interfaces/robosort_interfaces/srv/detail/get_distance__rosidl_typesupport_fastrtps_cpp.hpp
-- Symlinking: /home/robosort/robo-sort/source/rpi/ros2-robosort/install/robosort_interfaces/include/robosort_interfaces/robosort_interfaces/srv/detail/move_robot_arm__rosidl_typesupport_fastrtps_cpp.hpp
-- Symlinking: /home/robosort/robo-sort/source/rpi/ros2-robosort/install/robosort_interfaces/include/robosort_interfaces/robosort_interfaces/srv/detail/rotate_bin__rosidl_typesupport_fastrtps_cpp.hpp
-- Symlinking: /home/robosort/robo-sort/source/rpi/ros2-robosort/install/robosort_interfaces/include/robosort_interfaces/robosort_interfaces/srv/detail/set_servo__rosidl_typesupport_fastrtps_cpp.hpp
-- Symlinking: /home/robosort/robo-sort/source/rpi/ros2-robosort/install/robosort_interfaces/include/robosort_interfaces/robosort_interfaces/srv/detail/get_distance__rosidl_typesupport_introspection_cpp.hpp
-- Symlinking: /home/robosort/robo-sort/source/rpi/ros2-robosort/install/robosort_interfaces/include/robosort_interfaces/robosort_interfaces/srv/detail/move_robot_arm__rosidl_typesupport_introspection_cpp.hpp
-- Symlinking: /home/robosort/robo-sort/source/rpi/ros2-robosort/install/robosort_interfaces/include/robosort_interfaces/robosort_interfaces/srv/detail/rotate_bin__rosidl_typesupport_introspection_cpp.hpp
-- Symlinking: /home/robosort/robo-sort/source/rpi/ros2-robosort/install/robosort_interfaces/include/robosort_interfaces/robosort_interfaces/srv/detail/set_servo__rosidl_typesupport_introspection_cpp.hpp
-- Symlinking: /home/robosort/robo-sort/source/rpi/ros2-robosort/install/robosort_interfaces/share/robosort_interfaces/environment/pythonpath.sh
-- Symlinking: /home/robosort/robo-sort/source/rpi/ros2-robosort/install/robosort_interfaces/share/robosort_interfaces/environment/pythonpath.dsv
-- Symlinking: /home/robosort/robo-sort/source/rpi/ros2-robosort/install/robosort_interfaces/lib/python3.12/site-packages/robosort_interfaces-0.0.0-py3.12.egg-info/PKG-INFO
-- Symlinking: /home/robosort/robo-sort/source/rpi/ros2-robosort/install/robosort_interfaces/lib/python3.12/site-packages/robosort_interfaces-0.0.0-py3.12.egg-info/SOURCES.txt
-- Symlinking: /home/robosort/robo-sort/source/rpi/ros2-robosort/install/robosort_interfaces/lib/python3.12/site-packages/robosort_interfaces-0.0.0-py3.12.egg-info/dependency_links.txt
-- Symlinking: /home/robosort/robo-sort/source/rpi/ros2-robosort/install/robosort_interfaces/lib/python3.12/site-packages/robosort_interfaces-0.0.0-py3.12.egg-info/top_level.txt
-- Symlinking: /home/robosort/robo-sort/source/rpi/ros2-robosort/install/robosort_interfaces/lib/python3.12/site-packages/robosort_interfaces/__init__.py
-- Symlinking: /home/robosort/robo-sort/source/rpi/ros2-robosort/install/robosort_interfaces/lib/python3.12/site-packages/robosort_interfaces/_robosort_interfaces_s.ep.rosidl_typesupport_c.c
-- Symlinking: /home/robosort/robo-sort/source/rpi/ros2-robosort/install/robosort_interfaces/lib/python3.12/site-packages/robosort_interfaces/_robosort_interfaces_s.ep.rosidl_typesupport_fastrtps_c.c
-- Symlinking: /home/robosort/robo-sort/source/rpi/ros2-robosort/install/robosort_interfaces/lib/python3.12/site-packages/robosort_interfaces/_robosort_interfaces_s.ep.rosidl_typesupport_introspection_c.c
-- Symlinking: /home/robosort/robo-sort/source/rpi/ros2-robosort/install/robosort_interfaces/lib/python3.12/site-packages/robosort_interfaces/robosort_interfaces_s__rosidl_typesupport_c.so
-- Symlinking: /home/robosort/robo-sort/source/rpi/ros2-robosort/install/robosort_interfaces/lib/python3.12/site-packages/robosort_interfaces/robosort_interfaces_s__rosidl_typesupport_fastrtps_c.so
-- Symlinking: /home/robosort/robo-sort/source/rpi/ros2-robosort/install/robosort_interfaces/lib/python3.12/site-packages/robosort_interfaces/robosort_interfaces_s__rosidl_typesupport_introspection_c.so
-- Symlinking: /home/robosort/robo-sort/source/rpi/ros2-robosort/install/robosort_interfaces/lib/python3.12/site-packages/robosort_interfaces/srv/__init__.py
-- Symlinking: /home/robosort/robo-sort/source/rpi/ros2-robosort/install/robosort_interfaces/lib/python3.12/site-packages/robosort_interfaces/srv/_get_distance.py
-- Symlinking: /home/robosort/robo-sort/source/rpi/ros2-robosort/install/robosort_interfaces/lib/python3.12/site-packages/robosort_interfaces/srv/_get_distance_s.c
-- Symlinking: /home/robosort/robo-sort/source/rpi/ros2-robosort/install/robosort_interfaces/lib/python3.12/site-packages/robosort_interfaces/srv/_move_robot_arm.py
-- Symlinking: /home/robosort/robo-sort/source/rpi/ros2-robosort/install/robosort_interfaces/lib/python3.12/site-packages/robosort_interfaces/srv/_move_robot_arm_s.c
-- Symlinking: /home/robosort/robo-sort/source/rpi/ros2-robosort/install/robosort_interfaces/lib/python3.12/site-packages/robosort_interfaces/srv/_rotate_bin.py
-- Symlinking: /home/robosort/robo-sort/source/rpi/ros2-robosort/install/robosort_interfaces/lib/python3.12/site-packages/robosort_interfaces/srv/_rotate_bin_s.c
-- Symlinking: /home/robosort/robo-sort/source/rpi/ros2-robosort/install/robosort_interfaces/lib/python3.12/site-packages/robosort_interfaces/srv/_set_servo.py
-- Symlinking: /home/robosort/robo-sort/source/rpi/ros2-robosort/install/robosort_interfaces/lib/python3.12/site-packages/robosort_interfaces/srv/_set_servo_s.c
-- Up-to-date symlink: /home/robosort/robo-sort/source/rpi/ros2-robosort/install/robosort_interfaces/lib/python3.12/site-packages/robosort_interfaces/robosort_interfaces_s__rosidl_typesupport_fastrtps_c.so
-- Up-to-date symlink: /home/robosort/robo-sort/source/rpi/ros2-robosort/install/robosort_interfaces/lib/python3.12/site-packages/robosort_interfaces/robosort_interfaces_s__rosidl_typesupport_introspection_c.so
-- Up-to-date symlink: /home/robosort/robo-sort/source/rpi/ros2-robosort/install/robosort_interfaces/lib/python3.12/site-packages/robosort_interfaces/robosort_interfaces_s__rosidl_typesupport_c.so
-- Symlinking: /home/robosort/robo-sort/source/rpi/ros2-robosort/install/robosort_interfaces/share/robosort_interfaces/srv/SetServo.idl
-- Symlinking: /home/robosort/robo-sort/source/rpi/ros2-robosort/install/robosort_interfaces/share/robosort_interfaces/srv/MoveRobotArm.idl
-- Symlinking: /home/robosort/robo-sort/source/rpi/ros2-robosort/install/robosort_interfaces/share/robosort_interfaces/srv/RotateBin.idl
-- Symlinking: /home/robosort/robo-sort/source/rpi/ros2-robosort/install/robosort_interfaces/share/robosort_interfaces/srv/GetDistance.idl
-- Symlinking: /home/robosort/robo-sort/source/rpi/ros2-robosort/install/robosort_interfaces/share/robosort_interfaces/srv/SetServo.srv
-- Symlinking: /home/robosort/robo-sort/source/rpi/ros2-robosort/install/robosort_interfaces/share/robosort_interfaces/srv/MoveRobotArm.srv
-- Symlinking: /home/robosort/robo-sort/source/rpi/ros2-robosort/install/robosort_interfaces/share/robosort_interfaces/srv/RotateBin.srv
-- Symlinking: /home/robosort/robo-sort/source/rpi/ros2-robosort/install/robosort_interfaces/share/robosort_interfaces/srv/GetDistance.srv
-- Symlinking: /home/robosort/robo-sort/source/rpi/ros2-robosort/install/robosort_interfaces/share/ament_index/resource_index/package_run_dependencies/robosort_interfaces
-- Symlinking: /home/robosort/robo-sort/source/rpi/ros2-robosort/install/robosort_interfaces/share/ament_index/resource_index/parent_prefix_path/robosort_interfaces
-- Symlinking: /home/robosort/robo-sort/source/rpi/ros2-robosort/install/robosort_interfaces/share/robosort_interfaces/environment/ament_prefix_path.sh
-- Symlinking: /home/robosort/robo-sort/source/rpi/ros2-robosort/install/robosort_interfaces/share/robosort_interfaces/environment/ament_prefix_path.dsv
-- Symlinking: /home/robosort/robo-sort/source/rpi/ros2-robosort/install/robosort_interfaces/share/robosort_interfaces/environment/path.sh
-- Symlinking: /home/robosort/robo-sort/source/rpi/ros2-robosort/install/robosort_interfaces/share/robosort_interfaces/environment/path.dsv
-- Symlinking: /home/robosort/robo-sort/source/rpi/ros2-robosort/install/robosort_interfaces/share/robosort_interfaces/local_setup.bash
-- Symlinking: /home/robosort/robo-sort/source/rpi/ros2-robosort/install/robosort_interfaces/share/robosort_interfaces/local_setup.sh
-- Symlinking: /home/robosort/robo-sort/source/rpi/ros2-robosort/install/robosort_interfaces/share/robosort_interfaces/local_setup.zsh
-- Symlinking: /home/robosort/robo-sort/source/rpi/ros2-robosort/install/robosort_interfaces/share/robosort_interfaces/local_setup.dsv
-- Symlinking: /home/robosort/robo-sort/source/rpi/ros2-robosort/install/robosort_interfaces/share/robosort_interfaces/package.dsv
-- Symlinking: /home/robosort/robo-sort/source/rpi/ros2-robosort/install/robosort_interfaces/share/ament_index/resource_index/packages/robosort_interfaces
-- Symlinking: /home/robosort/robo-sort/source/rpi/ros2-robosort/install/robosort_interfaces/share/robosort_interfaces/cmake/rosidl_cmake-extras.cmake
-- Symlinking: /home/robosort/robo-sort/source/rpi/ros2-robosort/install/robosort_interfaces/share/robosort_interfaces/cmake/ament_cmake_export_dependencies-extras.cmake
-- Symlinking: /home/robosort/robo-sort/source/rpi/ros2-robosort/install/robosort_interfaces/share/robosort_interfaces/cmake/ament_cmake_export_include_directories-extras.cmake
-- Symlinking: /home/robosort/robo-sort/source/rpi/ros2-robosort/install/robosort_interfaces/share/robosort_interfaces/cmake/ament_cmake_export_libraries-extras.cmake
-- Symlinking: /home/robosort/robo-sort/source/rpi/ros2-robosort/install/robosort_interfaces/share/robosort_interfaces/cmake/ament_cmake_export_targets-extras.cmake
-- Symlinking: /home/robosort/robo-sort/source/rpi/ros2-robosort/install/robosort_interfaces/share/robosort_interfaces/cmake/rosidl_cmake_export_typesupport_targets-extras.cmake
-- Symlinking: /home/robosort/robo-sort/source/rpi/ros2-robosort/install/robosort_interfaces/share/robosort_interfaces/cmake/rosidl_cmake_export_typesupport_libraries-extras.cmake
-- Symlinking: /home/robosort/robo-sort/source/rpi/ros2-robosort/install/robosort_interfaces/share/robosort_interfaces/cmake/robosort_interfacesConfig.cmake
-- Symlinking: /home/robosort/robo-sort/source/rpi/ros2-robosort/install/robosort_interfaces/share/robosort_interfaces/cmake/robosort_interfacesConfig-version.cmake
-- Symlinking: /home/robosort/robo-sort/source/rpi/ros2-robosort/install/robosort_interfaces/share/robosort_interfaces/package.xml
-- Installing: /home/robosort/robo-sort/source/rpi/ros2-robosort/install/robosort_interfaces/lib/librobosort_interfaces__rosidl_generator_c.so
-- Set non-toolchain portion of runtime path of "/home/robosort/robo-sort/source/rpi/ros2-robosort/install/robosort_interfaces/lib/librobosort_interfaces__rosidl_generator_c.so" to ""
-- Installing: /home/robosort/robo-sort/source/rpi/ros2-robosort/install/robosort_interfaces/lib/librobosort_interfaces__rosidl_typesupport_fastrtps_c.so
-- Set non-toolchain portion of runtime path of "/home/robosort/robo-sort/source/rpi/ros2-robosort/install/robosort_interfaces/lib/librobosort_interfaces__rosidl_typesupport_fastrtps_c.so" to ""
-- Installing: /home/robosort/robo-sort/source/rpi/ros2-robosort/install/robosort_interfaces/lib/librobosort_interfaces__rosidl_typesupport_introspection_c.so
-- Set non-toolchain portion of runtime path of "/home/robosort/robo-sort/source/rpi/ros2-robosort/install/robosort_interfaces/lib/librobosort_interfaces__rosidl_typesupport_introspection_c.so" to ""
-- Installing: /home/robosort/robo-sort/source/rpi/ros2-robosort/install/robosort_interfaces/lib/librobosort_interfaces__rosidl_typesupport_c.so
-- Set non-toolchain portion of runtime path of "/home/robosort/robo-sort/source/rpi/ros2-robosort/install/robosort_interfaces/lib/librobosort_interfaces__rosidl_typesupport_c.so" to ""
-- Installing: /home/robosort/robo-sort/source/rpi/ros2-robosort/install/robosort_interfaces/lib/librobosort_interfaces__rosidl_typesupport_fastrtps_cpp.so
-- Set non-toolchain portion of runtime path of "/home/robosort/robo-sort/source/rpi/ros2-robosort/install/robosort_interfaces/lib/librobosort_interfaces__rosidl_typesupport_fastrtps_cpp.so" to ""
-- Installing: /home/robosort/robo-sort/source/rpi/ros2-robosort/install/robosort_interfaces/lib/librobosort_interfaces__rosidl_typesupport_introspection_cpp.so
-- Set non-toolchain portion of runtime path of "/home/robosort/robo-sort/source/rpi/ros2-robosort/install/robosort_interfaces/lib/librobosort_interfaces__rosidl_typesupport_introspection_cpp.so" to ""
-- Installing: /home/robosort/robo-sort/source/rpi/ros2-robosort/install/robosort_interfaces/lib/librobosort_interfaces__rosidl_typesupport_cpp.so
-- Set non-toolchain portion of runtime path of "/home/robosort/robo-sort/source/rpi/ros2-robosort/install/robosort_interfaces/lib/librobosort_interfaces__rosidl_typesupport_cpp.so" to ""
Listing '/home/robosort/robo-sort/source/rpi/ros2-robosort/install/robosort_interfaces/lib/python3.12/site-packages/robosort_interfaces'...
Compiling '/home/robosort/robo-sort/source/rpi/ros2-robosort/install/robosort_interfaces/lib/python3.12/site-packages/robosort_interfaces/__init__.py'...
Listing '/home/robosort/robo-sort/source/rpi/ros2-robosort/install/robosort_interfaces/lib/python3.12/site-packages/robosort_interfaces/srv'...
Compiling '/home/robosort/robo-sort/source/rpi/ros2-robosort/install/robosort_interfaces/lib/python3.12/site-packages/robosort_interfaces/srv/__init__.py'...
Compiling '/home/robosort/robo-sort/source/rpi/ros2-robosort/install/robosort_interfaces/lib/python3.12/site-packages/robosort_interfaces/srv/_get_distance.py'...
Compiling '/home/robosort/robo-sort/source/rpi/ros2-robosort/install/robosort_interfaces/lib/python3.12/site-packages/robosort_interfaces/srv/_move_robot_arm.py'...
Compiling '/home/robosort/robo-sort/source/rpi/ros2-robosort/install/robosort_interfaces/lib/python3.12/site-packages/robosort_interfaces/srv/_rotate_bin.py'...
Compiling '/home/robosort/robo-sort/source/rpi/ros2-robosort/install/robosort_interfaces/lib/python3.12/site-packages/robosort_interfaces/srv/_set_servo.py'...
-- Installing: /home/robosort/robo-sort/source/rpi/ros2-robosort/install/robosort_interfaces/lib/librobosort_interfaces__rosidl_generator_py.so
-- Set non-toolchain portion of runtime path of "/home/robosort/robo-sort/source/rpi/ros2-robosort/install/robosort_interfaces/lib/librobosort_interfaces__rosidl_generator_py.so" to ""
-- Installing: /home/robosort/robo-sort/source/rpi/ros2-robosort/install/robosort_interfaces/share/robosort_interfaces/cmake/export_robosort_interfaces__rosidl_generator_cExport.cmake
-- Installing: /home/robosort/robo-sort/source/rpi/ros2-robosort/install/robosort_interfaces/share/robosort_interfaces/cmake/export_robosort_interfaces__rosidl_generator_cExport-noconfig.cmake
-- Installing: /home/robosort/robo-sort/source/rpi/ros2-robosort/install/robosort_interfaces/share/robosort_interfaces/cmake/export_robosort_interfaces__rosidl_typesupport_fastrtps_cExport.cmake
-- Installing: /home/robosort/robo-sort/source/rpi/ros2-robosort/install/robosort_interfaces/share/robosort_interfaces/cmake/export_robosort_interfaces__rosidl_typesupport_fastrtps_cExport-noconfig.cmake
-- Installing: /home/robosort/robo-sort/source/rpi/ros2-robosort/install/robosort_interfaces/share/robosort_interfaces/cmake/robosort_interfaces__rosidl_typesupport_introspection_cExport.cmake
-- Installing: /home/robosort/robo-sort/source/rpi/ros2-robosort/install/robosort_interfaces/share/robosort_interfaces/cmake/robosort_interfaces__rosidl_typesupport_introspection_cExport-noconfig.cmake
-- Installing: /home/robosort/robo-sort/source/rpi/ros2-robosort/install/robosort_interfaces/share/robosort_interfaces/cmake/robosort_interfaces__rosidl_typesupport_cExport.cmake
-- Installing: /home/robosort/robo-sort/source/rpi/ros2-robosort/install/robosort_interfaces/share/robosort_interfaces/cmake/robosort_interfaces__rosidl_typesupport_cExport-noconfig.cmake
-- Installing: /home/robosort/robo-sort/source/rpi/ros2-robosort/install/robosort_interfaces/share/robosort_interfaces/cmake/export_robosort_interfaces__rosidl_generator_cppExport.cmake
-- Installing: /home/robosort/robo-sort/source/rpi/ros2-robosort/install/robosort_interfaces/share/robosort_interfaces/cmake/export_robosort_interfaces__rosidl_typesupport_fastrtps_cppExport.cmake
-- Installing: /home/robosort/robo-sort/source/rpi/ros2-robosort/install/robosort_interfaces/share/robosort_interfaces/cmake/export_robosort_interfaces__rosidl_typesupport_fastrtps_cppExport-noconfig.cmake
-- Installing: /home/robosort/robo-sort/source/rpi/ros2-robosort/install/robosort_interfaces/share/robosort_interfaces/cmake/robosort_interfaces__rosidl_typesupport_introspection_cppExport.cmake
-- Installing: /home/robosort/robo-sort/source/rpi/ros2-robosort/install/robosort_interfaces/share/robosort_interfaces/cmake/robosort_interfaces__rosidl_typesupport_introspection_cppExport-noconfig.cmake
-- Installing: /home/robosort/robo-sort/source/rpi/ros2-robosort/install/robosort_interfaces/share/robosort_interfaces/cmake/robosort_interfaces__rosidl_typesupport_cppExport.cmake
-- Installing: /home/robosort/robo-sort/source/rpi/ros2-robosort/install/robosort_interfaces/share/robosort_interfaces/cmake/robosort_interfaces__rosidl_typesupport_cppExport-noconfig.cmake
-- Installing: /home/robosort/robo-sort/source/rpi/ros2-robosort/install/robosort_interfaces/share/robosort_interfaces/cmake/export_robosort_interfaces__rosidl_generator_pyExport.cmake
-- Installing: /home/robosort/robo-sort/source/rpi/ros2-robosort/install/robosort_interfaces/share/robosort_interfaces/cmake/export_robosort_interfaces__rosidl_generator_pyExport-noconfig.cmake
