[0.965s] DEBUG:colcon:Command line arguments: ['/usr/bin/colcon', 'build', '--symlink-install']
[0.965s] DEBUG:colcon:Parsed command line arguments: Namespace(log_base=None, log_level=None, verb_name='build', build_base='build', install_base='install', merge_install=False, symlink_install=True, test_result_base=None, continue_on_error=False, executor='parallel', parallel_workers=4, event_handlers=None, ignore_user_meta=False, metas=['./colcon.meta'], base_paths=['.'], packages_ignore=None, packages_ignore_regex=None, paths=None, packages_up_to=None, packages_up_to_regex=None, packages_above=None, packages_above_and_dependencies=None, packages_above_depth=None, packages_select_by_dep=None, packages_skip_by_dep=None, packages_skip_up_to=None, packages_select_build_failed=False, packages_skip_build_finished=False, packages_select_test_failures=False, packages_skip_test_passed=False, packages_select=None, packages_skip=None, packages_select_regex=None, packages_skip_regex=None, packages_start=None, packages_end=None, allow_overriding=[], cmake_args=None, cmake_target=None, cmake_target_skip_unavailable=False, cmake_clean_cache=False, cmake_clean_first=False, cmake_force_configure=False, ament_cmake_args=None, catkin_cmake_args=None, catkin_skip_building_tests=False, mixin_files=None, mixin=None, verb_parser=<colcon_mixin.mixin.mixin_argument.MixinArgumentDecorator object at 0xffff905217f0>, verb_extension=<colcon_core.verb.build.BuildVerb object at 0xffff906d92b0>, main=<bound method BuildVerb.main of <colcon_core.verb.build.BuildVerb object at 0xffff906d92b0>>, mixin_verb=('build',))
[1.288s] Level 1:colcon.colcon_core.package_discovery:discover_packages(colcon_meta) check parameters
[1.289s] Level 1:colcon.colcon_core.package_discovery:discover_packages(recursive) check parameters
[1.290s] Level 1:colcon.colcon_core.package_discovery:discover_packages(ignore) check parameters
[1.291s] Level 1:colcon.colcon_core.package_discovery:discover_packages(path) check parameters
[1.291s] Level 1:colcon.colcon_core.package_discovery:discover_packages(colcon_meta) discover
[1.292s] Level 1:colcon.colcon_core.package_discovery:discover_packages(recursive) discover
[1.292s] INFO:colcon.colcon_core.package_discovery:Crawling recursively for packages in '/home/robosort/robo-sort/source/rpi/ros2-robosort'
[1.293s] Level 1:colcon.colcon_core.package_identification:_identify(.) by extensions ['ignore', 'ignore_ament_install']
[1.293s] Level 1:colcon.colcon_core.package_identification:_identify(.) by extension 'ignore'
[1.294s] Level 1:colcon.colcon_core.package_identification:_identify(.) by extension 'ignore_ament_install'
[1.294s] Level 1:colcon.colcon_core.package_identification:_identify(.) by extensions ['colcon_pkg']
[1.295s] Level 1:colcon.colcon_core.package_identification:_identify(.) by extension 'colcon_pkg'
[1.295s] Level 1:colcon.colcon_core.package_identification:_identify(.) by extensions ['colcon_meta']
[1.295s] Level 1:colcon.colcon_core.package_identification:_identify(.) by extension 'colcon_meta'
[1.295s] Level 1:colcon.colcon_core.package_identification:_identify(.) by extensions ['ros']
[1.295s] Level 1:colcon.colcon_core.package_identification:_identify(.) by extension 'ros'
[1.468s] Level 1:colcon.colcon_core.package_identification:_identify(.) by extensions ['cmake', 'python']
[1.468s] Level 1:colcon.colcon_core.package_identification:_identify(.) by extension 'cmake'
[1.468s] Level 1:colcon.colcon_core.package_identification:_identify(.) by extension 'python'
[1.469s] Level 1:colcon.colcon_core.package_identification:_identify(.) by extensions ['python_setup_py']
[1.469s] Level 1:colcon.colcon_core.package_identification:_identify(.) by extension 'python_setup_py'
[1.470s] Level 1:colcon.colcon_core.package_identification:_identify(build) by extensions ['ignore', 'ignore_ament_install']
[1.470s] Level 1:colcon.colcon_core.package_identification:_identify(build) by extension 'ignore'
[1.471s] Level 1:colcon.colcon_core.package_identification:_identify(build) ignored
[1.472s] Level 1:colcon.colcon_core.package_identification:_identify(install) by extensions ['ignore', 'ignore_ament_install']
[1.472s] Level 1:colcon.colcon_core.package_identification:_identify(install) by extension 'ignore'
[1.473s] Level 1:colcon.colcon_core.package_identification:_identify(install) ignored
[1.474s] Level 1:colcon.colcon_core.package_identification:_identify(log) by extensions ['ignore', 'ignore_ament_install']
[1.474s] Level 1:colcon.colcon_core.package_identification:_identify(log) by extension 'ignore'
[1.475s] Level 1:colcon.colcon_core.package_identification:_identify(log) ignored
[1.475s] Level 1:colcon.colcon_core.package_identification:_identify(src) by extensions ['ignore', 'ignore_ament_install']
[1.476s] Level 1:colcon.colcon_core.package_identification:_identify(src) by extension 'ignore'
[1.476s] Level 1:colcon.colcon_core.package_identification:_identify(src) by extension 'ignore_ament_install'
[1.477s] Level 1:colcon.colcon_core.package_identification:_identify(src) by extensions ['colcon_pkg']
[1.477s] Level 1:colcon.colcon_core.package_identification:_identify(src) by extension 'colcon_pkg'
[1.478s] Level 1:colcon.colcon_core.package_identification:_identify(src) by extensions ['colcon_meta']
[1.479s] Level 1:colcon.colcon_core.package_identification:_identify(src) by extension 'colcon_meta'
[1.479s] Level 1:colcon.colcon_core.package_identification:_identify(src) by extensions ['ros']
[1.480s] Level 1:colcon.colcon_core.package_identification:_identify(src) by extension 'ros'
[1.480s] Level 1:colcon.colcon_core.package_identification:_identify(src) by extensions ['cmake', 'python']
[1.481s] Level 1:colcon.colcon_core.package_identification:_identify(src) by extension 'cmake'
[1.481s] Level 1:colcon.colcon_core.package_identification:_identify(src) by extension 'python'
[1.482s] Level 1:colcon.colcon_core.package_identification:_identify(src) by extensions ['python_setup_py']
[1.482s] Level 1:colcon.colcon_core.package_identification:_identify(src) by extension 'python_setup_py'
[1.484s] Level 1:colcon.colcon_core.package_identification:_identify(src/camjam_control) by extensions ['ignore', 'ignore_ament_install']
[1.485s] Level 1:colcon.colcon_core.package_identification:_identify(src/camjam_control) by extension 'ignore'
[1.488s] Level 1:colcon.colcon_core.package_identification:_identify(src/camjam_control) by extension 'ignore_ament_install'
[1.490s] Level 1:colcon.colcon_core.package_identification:_identify(src/camjam_control) by extensions ['colcon_pkg']
[1.491s] Level 1:colcon.colcon_core.package_identification:_identify(src/camjam_control) by extension 'colcon_pkg'
[1.492s] Level 1:colcon.colcon_core.package_identification:_identify(src/camjam_control) by extensions ['colcon_meta']
[1.492s] Level 1:colcon.colcon_core.package_identification:_identify(src/camjam_control) by extension 'colcon_meta'
[1.493s] Level 1:colcon.colcon_core.package_identification:_identify(src/camjam_control) by extensions ['ros']
[1.494s] Level 1:colcon.colcon_core.package_identification:_identify(src/camjam_control) by extension 'ros'
[1.520s] DEBUG:colcon.colcon_core.package_identification:Package 'src/camjam_control' with type 'ros.ament_python' and name 'camjam_control'
[1.521s] Level 1:colcon.colcon_core.package_identification:_identify(src/camjam_sensors) by extensions ['ignore', 'ignore_ament_install']
[1.522s] Level 1:colcon.colcon_core.package_identification:_identify(src/camjam_sensors) by extension 'ignore'
[1.524s] Level 1:colcon.colcon_core.package_identification:_identify(src/camjam_sensors) by extension 'ignore_ament_install'
[1.526s] Level 1:colcon.colcon_core.package_identification:_identify(src/camjam_sensors) by extensions ['colcon_pkg']
[1.527s] Level 1:colcon.colcon_core.package_identification:_identify(src/camjam_sensors) by extension 'colcon_pkg'
[1.528s] Level 1:colcon.colcon_core.package_identification:_identify(src/camjam_sensors) by extensions ['colcon_meta']
[1.529s] Level 1:colcon.colcon_core.package_identification:_identify(src/camjam_sensors) by extension 'colcon_meta'
[1.530s] Level 1:colcon.colcon_core.package_identification:_identify(src/camjam_sensors) by extensions ['ros']
[1.530s] Level 1:colcon.colcon_core.package_identification:_identify(src/camjam_sensors) by extension 'ros'
[1.535s] DEBUG:colcon.colcon_core.package_identification:Package 'src/camjam_sensors' with type 'ros.ament_python' and name 'camjam_sensors'
[1.535s] Level 1:colcon.colcon_core.package_discovery:discover_packages(recursive) using defaults
[1.536s] Level 1:colcon.colcon_core.package_discovery:discover_packages(ignore) discover
[1.537s] Level 1:colcon.colcon_core.package_discovery:discover_packages(ignore) using defaults
[1.537s] Level 1:colcon.colcon_core.package_discovery:discover_packages(path) discover
[1.538s] Level 1:colcon.colcon_core.package_discovery:discover_packages(path) using defaults
[1.719s] Level 1:colcon.colcon_core.package_discovery:discover_packages(prefix_path) check parameters
[1.721s] Level 1:colcon.colcon_core.package_discovery:discover_packages(prefix_path) discover
[1.778s] DEBUG:colcon.colcon_installed_package_information.package_discovery:Found 362 installed packages in /opt/ros/jazzy
[1.796s] Level 1:colcon.colcon_core.package_discovery:discover_packages(prefix_path) using defaults
[2.414s] Level 5:colcon.colcon_core.verb:set package 'camjam_control' build argument 'cmake_args' from command line to 'None'
[2.415s] Level 5:colcon.colcon_core.verb:set package 'camjam_control' build argument 'cmake_target' from command line to 'None'
[2.415s] Level 5:colcon.colcon_core.verb:set package 'camjam_control' build argument 'cmake_target_skip_unavailable' from command line to 'False'
[2.415s] Level 5:colcon.colcon_core.verb:set package 'camjam_control' build argument 'cmake_clean_cache' from command line to 'False'
[2.416s] Level 5:colcon.colcon_core.verb:set package 'camjam_control' build argument 'cmake_clean_first' from command line to 'False'
[2.416s] Level 5:colcon.colcon_core.verb:set package 'camjam_control' build argument 'cmake_force_configure' from command line to 'False'
[2.416s] Level 5:colcon.colcon_core.verb:set package 'camjam_control' build argument 'ament_cmake_args' from command line to 'None'
[2.416s] Level 5:colcon.colcon_core.verb:set package 'camjam_control' build argument 'catkin_cmake_args' from command line to 'None'
[2.417s] Level 5:colcon.colcon_core.verb:set package 'camjam_control' build argument 'catkin_skip_building_tests' from command line to 'False'
[2.417s] DEBUG:colcon.colcon_core.verb:Building package 'camjam_control' with the following arguments: {'ament_cmake_args': None, 'build_base': '/home/robosort/robo-sort/source/rpi/ros2-robosort/build/camjam_control', 'catkin_cmake_args': None, 'catkin_skip_building_tests': False, 'cmake_args': None, 'cmake_clean_cache': False, 'cmake_clean_first': False, 'cmake_force_configure': False, 'cmake_target': None, 'cmake_target_skip_unavailable': False, 'install_base': '/home/robosort/robo-sort/source/rpi/ros2-robosort/install/camjam_control', 'merge_install': False, 'path': '/home/robosort/robo-sort/source/rpi/ros2-robosort/src/camjam_control', 'symlink_install': True, 'test_result_base': None}
[2.420s] Level 5:colcon.colcon_core.verb:set package 'camjam_sensors' build argument 'cmake_args' from command line to 'None'
[2.420s] Level 5:colcon.colcon_core.verb:set package 'camjam_sensors' build argument 'cmake_target' from command line to 'None'
[2.420s] Level 5:colcon.colcon_core.verb:set package 'camjam_sensors' build argument 'cmake_target_skip_unavailable' from command line to 'False'
[2.421s] Level 5:colcon.colcon_core.verb:set package 'camjam_sensors' build argument 'cmake_clean_cache' from command line to 'False'
[2.421s] Level 5:colcon.colcon_core.verb:set package 'camjam_sensors' build argument 'cmake_clean_first' from command line to 'False'
[2.421s] Level 5:colcon.colcon_core.verb:set package 'camjam_sensors' build argument 'cmake_force_configure' from command line to 'False'
[2.421s] Level 5:colcon.colcon_core.verb:set package 'camjam_sensors' build argument 'ament_cmake_args' from command line to 'None'
[2.422s] Level 5:colcon.colcon_core.verb:set package 'camjam_sensors' build argument 'catkin_cmake_args' from command line to 'None'
[2.424s] Level 5:colcon.colcon_core.verb:set package 'camjam_sensors' build argument 'catkin_skip_building_tests' from command line to 'False'
[2.424s] DEBUG:colcon.colcon_core.verb:Building package 'camjam_sensors' with the following arguments: {'ament_cmake_args': None, 'build_base': '/home/robosort/robo-sort/source/rpi/ros2-robosort/build/camjam_sensors', 'catkin_cmake_args': None, 'catkin_skip_building_tests': False, 'cmake_args': None, 'cmake_clean_cache': False, 'cmake_clean_first': False, 'cmake_force_configure': False, 'cmake_target': None, 'cmake_target_skip_unavailable': False, 'install_base': '/home/robosort/robo-sort/source/rpi/ros2-robosort/install/camjam_sensors', 'merge_install': False, 'path': '/home/robosort/robo-sort/source/rpi/ros2-robosort/src/camjam_sensors', 'symlink_install': True, 'test_result_base': None}
[2.427s] INFO:colcon.colcon_core.executor:Executing jobs using 'parallel' executor
[2.443s] DEBUG:colcon.colcon_parallel_executor.executor.parallel:run_until_complete
[2.444s] INFO:colcon.colcon_ros.task.ament_python.build:Building ROS package in '/home/robosort/robo-sort/source/rpi/ros2-robosort/src/camjam_control' with build type 'ament_python'
[2.446s] Level 1:colcon.colcon_core.shell:create_environment_hook('camjam_control', 'ament_prefix_path')
[2.482s] INFO:colcon.colcon_core.plugin_system:Skipping extension 'colcon_core.shell.bat': Not used on non-Windows systems
[2.484s] INFO:colcon.colcon_core.shell:Creating environment hook '/home/robosort/robo-sort/source/rpi/ros2-robosort/install/camjam_control/share/camjam_control/hook/ament_prefix_path.ps1'
[2.498s] INFO:colcon.colcon_core.shell:Creating environment descriptor '/home/robosort/robo-sort/source/rpi/ros2-robosort/install/camjam_control/share/camjam_control/hook/ament_prefix_path.dsv'
[2.502s] INFO:colcon.colcon_core.shell:Creating environment hook '/home/robosort/robo-sort/source/rpi/ros2-robosort/install/camjam_control/share/camjam_control/hook/ament_prefix_path.sh'
[2.508s] INFO:colcon.colcon_core.shell:Skip shell extension 'powershell' for command environment: Not usable outside of PowerShell
[2.509s] DEBUG:colcon.colcon_core.shell:Skip shell extension 'dsv' for command environment
[2.546s] INFO:colcon.colcon_ros.task.ament_python.build:Building ROS package in '/home/robosort/robo-sort/source/rpi/ros2-robosort/src/camjam_sensors' with build type 'ament_python'
[2.547s] Level 1:colcon.colcon_core.shell:create_environment_hook('camjam_sensors', 'ament_prefix_path')
[2.550s] INFO:colcon.colcon_core.shell:Creating environment hook '/home/robosort/robo-sort/source/rpi/ros2-robosort/install/camjam_sensors/share/camjam_sensors/hook/ament_prefix_path.ps1'
[2.557s] INFO:colcon.colcon_core.shell:Creating environment descriptor '/home/robosort/robo-sort/source/rpi/ros2-robosort/install/camjam_sensors/share/camjam_sensors/hook/ament_prefix_path.dsv'
[2.561s] INFO:colcon.colcon_core.shell:Creating environment hook '/home/robosort/robo-sort/source/rpi/ros2-robosort/install/camjam_sensors/share/camjam_sensors/hook/ament_prefix_path.sh'
[2.566s] INFO:colcon.colcon_core.shell:Skip shell extension 'powershell' for command environment: Not usable outside of PowerShell
[2.566s] DEBUG:colcon.colcon_core.shell:Skip shell extension 'dsv' for command environment
[5.184s] INFO:colcon.colcon_core.task.python.build:Building Python package in '/home/robosort/robo-sort/source/rpi/ros2-robosort/src/camjam_control'
[5.184s] INFO:colcon.colcon_core.shell:Skip shell extension 'powershell' for command environment: Not usable outside of PowerShell
[5.185s] DEBUG:colcon.colcon_core.shell:Skip shell extension 'dsv' for command environment
[6.813s] INFO:colcon.colcon_core.task.python.build:Building Python package in '/home/robosort/robo-sort/source/rpi/ros2-robosort/src/camjam_sensors'
[6.814s] INFO:colcon.colcon_core.shell:Skip shell extension 'powershell' for command environment: Not usable outside of PowerShell
[6.815s] DEBUG:colcon.colcon_core.shell:Skip shell extension 'dsv' for command environment
[12.739s] DEBUG:colcon.colcon_core.event_handler.log_command:Invoking command in '/home/robosort/robo-sort/source/rpi/ros2-robosort/build/camjam_sensors': DEBUGINFOD_URLS=https://debuginfod.ubuntu.com PYTHONPATH=/home/robosort/robo-sort/source/rpi/ros2-robosort/build/camjam_sensors/prefix_override:/usr/lib/python3/dist-packages/colcon_core/task/python/colcon_distutils_commands:/home/robosort/robo-sort/source/rpi/ros2-robosort/install/camjam_sensors/lib/python3.12/site-packages:${PYTHONPATH} /usr/bin/python3 -W ignore:setup.py install is deprecated -W ignore:easy_install command is deprecated setup.py develop --editable --build-directory /home/robosort/robo-sort/source/rpi/ros2-robosort/build/camjam_sensors/build --no-deps symlink_data
[12.959s] DEBUG:colcon.colcon_core.event_handler.log_command:Invoking command in '/home/robosort/robo-sort/source/rpi/ros2-robosort/build/camjam_control': DEBUGINFOD_URLS=https://debuginfod.ubuntu.com PYTHONPATH=/home/robosort/robo-sort/source/rpi/ros2-robosort/build/camjam_control/prefix_override:/usr/lib/python3/dist-packages/colcon_core/task/python/colcon_distutils_commands:/home/robosort/robo-sort/source/rpi/ros2-robosort/install/camjam_control/lib/python3.12/site-packages:${PYTHONPATH} /usr/bin/python3 -W ignore:setup.py install is deprecated -W ignore:easy_install command is deprecated setup.py develop --editable --build-directory /home/robosort/robo-sort/source/rpi/ros2-robosort/build/camjam_control/build --no-deps symlink_data
[21.438s] Level 1:colcon.colcon_core.shell:create_environment_hook('camjam_control', 'pythonpath_develop')
[21.443s] DEBUG:colcon.colcon_core.event_handler.log_command:Invoked command in '/home/robosort/robo-sort/source/rpi/ros2-robosort/build/camjam_control' returned '0': DEBUGINFOD_URLS=https://debuginfod.ubuntu.com PYTHONPATH=/home/robosort/robo-sort/source/rpi/ros2-robosort/build/camjam_control/prefix_override:/usr/lib/python3/dist-packages/colcon_core/task/python/colcon_distutils_commands:/home/robosort/robo-sort/source/rpi/ros2-robosort/install/camjam_control/lib/python3.12/site-packages:${PYTHONPATH} /usr/bin/python3 -W ignore:setup.py install is deprecated -W ignore:easy_install command is deprecated setup.py develop --editable --build-directory /home/robosort/robo-sort/source/rpi/ros2-robosort/build/camjam_control/build --no-deps symlink_data
[21.445s] INFO:colcon.colcon_core.shell:Creating environment hook '/home/robosort/robo-sort/source/rpi/ros2-robosort/build/camjam_control/share/camjam_control/hook/pythonpath_develop.ps1'
[21.457s] INFO:colcon.colcon_core.shell:Creating environment descriptor '/home/robosort/robo-sort/source/rpi/ros2-robosort/build/camjam_control/share/camjam_control/hook/pythonpath_develop.dsv'
[21.462s] INFO:colcon.colcon_core.shell:Creating environment hook '/home/robosort/robo-sort/source/rpi/ros2-robosort/build/camjam_control/share/camjam_control/hook/pythonpath_develop.sh'
[21.515s] Level 1:colcon.colcon_core.environment:checking '/home/robosort/robo-sort/source/rpi/ros2-robosort/install/camjam_control' for CMake module files
[21.522s] Level 1:colcon.colcon_core.environment:checking '/home/robosort/robo-sort/source/rpi/ros2-robosort/install/camjam_control' for CMake config files
[21.539s] Level 1:colcon.colcon_core.environment:checking '/home/robosort/robo-sort/source/rpi/ros2-robosort/install/camjam_control/lib'
[21.542s] Level 1:colcon.colcon_core.environment:checking '/home/robosort/robo-sort/source/rpi/ros2-robosort/install/camjam_control/bin'
[21.543s] Level 1:colcon.colcon_core.environment:checking '/home/robosort/robo-sort/source/rpi/ros2-robosort/install/camjam_control/lib/pkgconfig/camjam_control.pc'
[21.545s] Level 1:colcon.colcon_core.environment:checking '/home/robosort/robo-sort/source/rpi/ros2-robosort/install/camjam_control/lib/python3.12/site-packages'
[21.547s] Level 1:colcon.colcon_core.shell:create_environment_hook('camjam_control', 'pythonpath')
[21.551s] INFO:colcon.colcon_core.shell:Creating environment hook '/home/robosort/robo-sort/source/rpi/ros2-robosort/install/camjam_control/share/camjam_control/hook/pythonpath.ps1'
[21.559s] INFO:colcon.colcon_core.shell:Creating environment descriptor '/home/robosort/robo-sort/source/rpi/ros2-robosort/install/camjam_control/share/camjam_control/hook/pythonpath.dsv'
[21.563s] INFO:colcon.colcon_core.shell:Creating environment hook '/home/robosort/robo-sort/source/rpi/ros2-robosort/install/camjam_control/share/camjam_control/hook/pythonpath.sh'
[21.568s] Level 1:colcon.colcon_core.environment:checking '/home/robosort/robo-sort/source/rpi/ros2-robosort/install/camjam_control/bin'
[21.569s] Level 1:colcon.colcon_core.environment:create_environment_scripts_only(camjam_control)
[21.571s] INFO:colcon.colcon_core.shell:Creating package script '/home/robosort/robo-sort/source/rpi/ros2-robosort/install/camjam_control/share/camjam_control/package.ps1'
[21.578s] INFO:colcon.colcon_core.shell:Creating package descriptor '/home/robosort/robo-sort/source/rpi/ros2-robosort/install/camjam_control/share/camjam_control/package.dsv'
[21.584s] INFO:colcon.colcon_core.shell:Creating package script '/home/robosort/robo-sort/source/rpi/ros2-robosort/install/camjam_control/share/camjam_control/package.sh'
[21.591s] INFO:colcon.colcon_core.shell:Creating package script '/home/robosort/robo-sort/source/rpi/ros2-robosort/install/camjam_control/share/camjam_control/package.bash'
[21.596s] INFO:colcon.colcon_core.shell:Creating package script '/home/robosort/robo-sort/source/rpi/ros2-robosort/install/camjam_control/share/camjam_control/package.zsh'
[21.600s] Level 1:colcon.colcon_core.environment:create_file_with_runtime_dependencies(/home/robosort/robo-sort/source/rpi/ros2-robosort/install/camjam_control/share/colcon-core/packages/camjam_control)
[21.607s] Level 1:colcon.colcon_core.shell:create_environment_hook('camjam_sensors', 'pythonpath_develop')
[21.609s] INFO:colcon.colcon_core.shell:Creating environment hook '/home/robosort/robo-sort/source/rpi/ros2-robosort/build/camjam_sensors/share/camjam_sensors/hook/pythonpath_develop.ps1'
[21.617s] DEBUG:colcon.colcon_core.event_handler.log_command:Invoked command in '/home/robosort/robo-sort/source/rpi/ros2-robosort/build/camjam_sensors' returned '0': DEBUGINFOD_URLS=https://debuginfod.ubuntu.com PYTHONPATH=/home/robosort/robo-sort/source/rpi/ros2-robosort/build/camjam_sensors/prefix_override:/usr/lib/python3/dist-packages/colcon_core/task/python/colcon_distutils_commands:/home/robosort/robo-sort/source/rpi/ros2-robosort/install/camjam_sensors/lib/python3.12/site-packages:${PYTHONPATH} /usr/bin/python3 -W ignore:setup.py install is deprecated -W ignore:easy_install command is deprecated setup.py develop --editable --build-directory /home/robosort/robo-sort/source/rpi/ros2-robosort/build/camjam_sensors/build --no-deps symlink_data
[21.622s] INFO:colcon.colcon_core.shell:Creating environment descriptor '/home/robosort/robo-sort/source/rpi/ros2-robosort/build/camjam_sensors/share/camjam_sensors/hook/pythonpath_develop.dsv'
[21.627s] INFO:colcon.colcon_core.shell:Creating environment hook '/home/robosort/robo-sort/source/rpi/ros2-robosort/build/camjam_sensors/share/camjam_sensors/hook/pythonpath_develop.sh'
[21.630s] Level 1:colcon.colcon_core.environment:checking '/home/robosort/robo-sort/source/rpi/ros2-robosort/install/camjam_sensors' for CMake module files
[21.634s] Level 1:colcon.colcon_core.environment:checking '/home/robosort/robo-sort/source/rpi/ros2-robosort/install/camjam_sensors' for CMake config files
[21.637s] Level 1:colcon.colcon_core.environment:checking '/home/robosort/robo-sort/source/rpi/ros2-robosort/install/camjam_sensors/lib'
[21.638s] Level 1:colcon.colcon_core.environment:checking '/home/robosort/robo-sort/source/rpi/ros2-robosort/install/camjam_sensors/bin'
[21.638s] Level 1:colcon.colcon_core.environment:checking '/home/robosort/robo-sort/source/rpi/ros2-robosort/install/camjam_sensors/lib/pkgconfig/camjam_sensors.pc'
[21.639s] Level 1:colcon.colcon_core.environment:checking '/home/robosort/robo-sort/source/rpi/ros2-robosort/install/camjam_sensors/lib/python3.12/site-packages'
[21.640s] Level 1:colcon.colcon_core.shell:create_environment_hook('camjam_sensors', 'pythonpath')
[21.642s] INFO:colcon.colcon_core.shell:Creating environment hook '/home/robosort/robo-sort/source/rpi/ros2-robosort/install/camjam_sensors/share/camjam_sensors/hook/pythonpath.ps1'
[21.644s] INFO:colcon.colcon_core.shell:Creating environment descriptor '/home/robosort/robo-sort/source/rpi/ros2-robosort/install/camjam_sensors/share/camjam_sensors/hook/pythonpath.dsv'
[21.647s] INFO:colcon.colcon_core.shell:Creating environment hook '/home/robosort/robo-sort/source/rpi/ros2-robosort/install/camjam_sensors/share/camjam_sensors/hook/pythonpath.sh'
[21.650s] Level 1:colcon.colcon_core.environment:checking '/home/robosort/robo-sort/source/rpi/ros2-robosort/install/camjam_sensors/bin'
[21.651s] Level 1:colcon.colcon_core.environment:create_environment_scripts_only(camjam_sensors)
[21.652s] INFO:colcon.colcon_core.shell:Creating package script '/home/robosort/robo-sort/source/rpi/ros2-robosort/install/camjam_sensors/share/camjam_sensors/package.ps1'
[21.656s] INFO:colcon.colcon_core.shell:Creating package descriptor '/home/robosort/robo-sort/source/rpi/ros2-robosort/install/camjam_sensors/share/camjam_sensors/package.dsv'
[21.662s] INFO:colcon.colcon_core.shell:Creating package script '/home/robosort/robo-sort/source/rpi/ros2-robosort/install/camjam_sensors/share/camjam_sensors/package.sh'
[21.665s] INFO:colcon.colcon_core.shell:Creating package script '/home/robosort/robo-sort/source/rpi/ros2-robosort/install/camjam_sensors/share/camjam_sensors/package.bash'
[21.670s] INFO:colcon.colcon_core.shell:Creating package script '/home/robosort/robo-sort/source/rpi/ros2-robosort/install/camjam_sensors/share/camjam_sensors/package.zsh'
[21.671s] Level 1:colcon.colcon_core.environment:create_file_with_runtime_dependencies(/home/robosort/robo-sort/source/rpi/ros2-robosort/install/camjam_sensors/share/colcon-core/packages/camjam_sensors)
[21.673s] DEBUG:colcon.colcon_parallel_executor.executor.parallel:closing loop
[21.675s] DEBUG:colcon.colcon_parallel_executor.executor.parallel:loop closed
[21.676s] DEBUG:colcon.colcon_parallel_executor.executor.parallel:run_until_complete finished with '0'
[21.676s] DEBUG:colcon.colcon_core.event_reactor:joining thread
[21.742s] INFO:colcon.colcon_core.plugin_system:Skipping extension 'colcon_notification.desktop_notification.terminal_notifier': Not used on non-Darwin systems
[21.742s] INFO:colcon.colcon_core.plugin_system:Skipping extension 'colcon_notification.desktop_notification.win32': Not used on non-Windows systems
[21.743s] INFO:colcon.colcon_notification.desktop_notification:Sending desktop notification using 'notify2'
[21.868s] DEBUG:colcon.colcon_core.event_reactor:joined thread
[21.869s] INFO:colcon.colcon_core.shell:Creating prefix script '/home/robosort/robo-sort/source/rpi/ros2-robosort/install/local_setup.ps1'
[21.874s] INFO:colcon.colcon_core.shell:Creating prefix util module '/home/robosort/robo-sort/source/rpi/ros2-robosort/install/_local_setup_util_ps1.py'
[21.884s] INFO:colcon.colcon_core.shell:Creating prefix chain script '/home/robosort/robo-sort/source/rpi/ros2-robosort/install/setup.ps1'
[21.894s] INFO:colcon.colcon_core.shell:Creating prefix script '/home/robosort/robo-sort/source/rpi/ros2-robosort/install/local_setup.sh'
[21.899s] INFO:colcon.colcon_core.shell:Creating prefix util module '/home/robosort/robo-sort/source/rpi/ros2-robosort/install/_local_setup_util_sh.py'
[21.906s] INFO:colcon.colcon_core.shell:Creating prefix chain script '/home/robosort/robo-sort/source/rpi/ros2-robosort/install/setup.sh'
[21.915s] INFO:colcon.colcon_core.shell:Creating prefix script '/home/robosort/robo-sort/source/rpi/ros2-robosort/install/local_setup.bash'
[21.919s] INFO:colcon.colcon_core.shell:Creating prefix chain script '/home/robosort/robo-sort/source/rpi/ros2-robosort/install/setup.bash'
[21.924s] INFO:colcon.colcon_core.shell:Creating prefix script '/home/robosort/robo-sort/source/rpi/ros2-robosort/install/local_setup.zsh'
[21.926s] INFO:colcon.colcon_core.shell:Creating prefix chain script '/home/robosort/robo-sort/source/rpi/ros2-robosort/install/setup.zsh'
